Using pre-set license
Built from '2020.3/staging' branch; Version is '2020.3.14f1 (d0d1bb862f9d) revision 13685179'; Using compiler version '192528614'; Build Type 'Release'
OS: 'Windows 10 Pro; OS build 19043.1237; Version 2009; 64bit' Language: 'es' Physical Memory: 8135 MB
BatchMode: 1, IsHumanControllingUs: 0, StartBugReporterOnCrash: 0, Is64bit: 1, IsPro: 0

 COMMAND LINE ARGUMENTS:
C:\Program Files\Unity\Hub\Editor\2020.3.14f1\Editor\Unity.exe
-adb2
-batchMode
-noUpm
-name
AssetImportWorker35
-projectPath
C:/Users/Alumne/Desktop/deimosHDRP
-logFile
Logs/AssetImportWorker35.log
-srvPort
60701
Successfully changed project path to: C:/Users/Alumne/Desktop/deimosHDRP
C:/Users/Alumne/Desktop/deimosHDRP
Using Asset Import Pipeline V2.
Refreshing native plugins compatible for Editor in 445.22 ms, found 5 plugins.
Preloading 0 native plugins for Editor in 0.00 ms.
Initialize engine version: 2020.3.14f1 (d0d1bb862f9d)
[Subsystems] Discovering subsystems at path C:/Program Files/Unity/Hub/Editor/2020.3.14f1/Editor/Data/Resources/UnitySubsystems
[Subsystems] Discovering subsystems at path C:/Users/Alumne/Desktop/deimosHDRP/Assets
GfxDevice: creating device client; threaded=0
Direct3D:
    Version:  Direct3D 11.0 [level 11.1]
    Renderer: NVIDIA GeForce GTX 1650 (ID=0x1f82)
    Vendor:   
    VRAM:     3962 MB
    Driver:   27.21.14.5751
Initialize mono
Mono path[0] = 'C:/Program Files/Unity/Hub/Editor/2020.3.14f1/Editor/Data/Managed'
Mono path[1] = 'C:/Program Files/Unity/Hub/Editor/2020.3.14f1/Editor/Data/MonoBleedingEdge/lib/mono/unityjit'
Mono config path = 'C:/Program Files/Unity/Hub/Editor/2020.3.14f1/Editor/Data/MonoBleedingEdge/etc'
Using monoOptions --debugger-agent=transport=dt_socket,embedding=1,server=y,suspend=n,address=127.0.0.1:56640
Begin MonoManager ReloadAssembly
Registering precompiled unity dll's ...
Register platform support module: C:/Program Files/Unity/Hub/Editor/2020.3.14f1/Editor/Data/PlaybackEngines/WindowsStandaloneSupport/UnityEditor.WindowsStandalone.Extensions.dll
Registered in 0.002307 seconds.
Native extension for WindowsStandalone target not found
Refreshing native plugins compatible for Editor in 395.50 ms, found 5 plugins.
Preloading 0 native plugins for Editor in 0.00 ms.
Mono: successfully reloaded assembly
- Completed reload, in  3.918 seconds
Domain Reload Profiling:
	ReloadAssembly (3918ms)
		BeginReloadAssembly (215ms)
			ExecutionOrderSort (0ms)
			DisableScriptedObjects (0ms)
			BackupInstance (0ms)
			ReleaseScriptingObjects (0ms)
			CreateAndSetChildDomain (1ms)
		EndReloadAssembly (1842ms)
			LoadAssemblies (207ms)
			RebuildTransferFunctionScriptingTraits (0ms)
			SetupTypeCache (636ms)
			ReleaseScriptCaches (0ms)
			RebuildScriptCaches (113ms)
			SetupLoadedEditorAssemblies (883ms)
				LogAssemblyErrors (0ms)
				InitializePlatformSupportModulesInManaged (16ms)
				SetLoadedEditorAssemblies (0ms)
				RefreshPlugins (396ms)
				BeforeProcessingInitializeOnLoad (39ms)
				ProcessInitializeOnLoadAttributes (328ms)
				ProcessInitializeOnLoadMethodAttributes (100ms)
				AfterProcessingInitializeOnLoad (0ms)
				EditorAssembliesLoaded (4ms)
			ExecutionOrderSort2 (0ms)
			AwakeInstancesAfterBackupRestoration (0ms)
Platform modules already initialized, skipping
Registering precompiled user dll's ...
Registered in 0.024145 seconds.
Begin MonoManager ReloadAssembly
Native extension for WindowsStandalone target not found
Refreshing native plugins compatible for Editor in 482.03 ms, found 5 plugins.
Preloading 0 native plugins for Editor in 0.00 ms.
Mono: successfully reloaded assembly
- Completed reload, in  8.569 seconds
Domain Reload Profiling:
	ReloadAssembly (8572ms)
		BeginReloadAssembly (599ms)
			ExecutionOrderSort (0ms)
			DisableScriptedObjects (16ms)
			BackupInstance (0ms)
			ReleaseScriptingObjects (0ms)
			CreateAndSetChildDomain (81ms)
		EndReloadAssembly (7703ms)
			LoadAssemblies (418ms)
			RebuildTransferFunctionScriptingTraits (0ms)
			SetupTypeCache (1608ms)
			ReleaseScriptCaches (4ms)
			RebuildScriptCaches (418ms)
			SetupLoadedEditorAssemblies (4821ms)
				LogAssemblyErrors (0ms)
				InitializePlatformSupportModulesInManaged (9ms)
				SetLoadedEditorAssemblies (0ms)
				RefreshPlugins (482ms)
				BeforeProcessingInitializeOnLoad (468ms)
				ProcessInitializeOnLoadAttributes (3159ms)
				ProcessInitializeOnLoadMethodAttributes (679ms)
				AfterProcessingInitializeOnLoad (22ms)
				EditorAssembliesLoaded (2ms)
			ExecutionOrderSort2 (0ms)
			AwakeInstancesAfterBackupRestoration (30ms)
Platform modules already initialized, skipping
========================================================================
Worker process is ready to serve import requests
Launched and connected shader compiler UnityShaderCompiler.exe after 0.27 seconds
Refreshing native plugins compatible for Editor in 6.17 ms, found 5 plugins.
Preloading 0 native plugins for Editor in 0.00 ms.
Unloading 4807 Unused Serialized files (Serialized files now loaded: 0)
System memory in use before: 229.1 MB.
System memory in use after: 229.2 MB.

Unloading 42 unused Assets to reduce memory usage. Loaded Objects now: 5269.
Total: 11.300600 ms (FindLiveObjects: 1.138900 ms CreateObjectMapping: 1.103300 ms MarkObjects: 8.308300 ms  DeleteObjects: 0.747200 ms)

AssetImportParameters requested are different than current active one (requested -> active):
  custom:framework-win-MediaFoundation: 216162199b28c13a410421893ffa2e32 -> 
  custom:video-decoder-ogg-theora: a1e56fd34408186e4bbccfd4996cb3dc -> 
  custom:container-muxer-webm: aa71ff27fc2769a1b78a27578f13a17b -> 
  custom:container-demuxer-webm: 4f35f7cbe854078d1ac9338744f61a02 -> 
  custom:container-demuxer-ogg: 62fdf1f143b41e24485cea50d1cbac27 -> 
  custom:video-encoder-webm-vp8: eb34c28f22e8b96e1ab97ce403110664 -> 
  custom:video-decoder-webm-vp8: 9c59270c3fd7afecdb556c50c9e8de78 -> 
  custom:audio-decoder-ogg-vorbis: bf7c407c2cedff20999df2af8eb42d56 -> 
  custom:audio-encoder-webm-vorbis: bf7c407c2cedff20999df2af8eb42d56 -> 
========================================================================
Received Import Request.
  path: Assets/Scenes
  artifactKey: Guid(e420af30a5a5bd34eabb077f2b40a2d0) Importer(815301076,1909f56bfc062723c751e8b465ee728b)
Start importing Assets/Scenes using Guid(e420af30a5a5bd34eabb077f2b40a2d0) Importer(815301076,1909f56bfc062723c751e8b465ee728b)  -> (artifact id: 'ffde76f2ca35fb218ec42dfedb4591e0') in 0.092758 seconds 
  Import took 0.126439 seconds .

========================================================================
Received Import Request.
  Time since last request: 0.000325 seconds.
  path: Assets/GameObject.prefab
  artifactKey: Guid(0a84193993932ab469aa7914a7a5a604) Importer(815301076,1909f56bfc062723c751e8b465ee728b)
Start importing Assets/GameObject.prefab using Guid(0a84193993932ab469aa7914a7a5a604) Importer(815301076,1909f56bfc062723c751e8b465ee728b) Launched and connected shader compiler UnityShaderCompiler.exe after 0.20 seconds
Launched and connected shader compiler UnityShaderCompiler.exe after 0.19 seconds
Launched and connected shader compiler UnityShaderCompiler.exe after 0.17 seconds
 -> (artifact id: 'e26690242fc0e1c44eda1803e37a6102') in 29.639978 seconds 
  Import took 29.676437 seconds .

========================================================================
Received Import Request.
  Time since last request: 0.000281 seconds.
  path: Assets/hdr.png
  artifactKey: Guid(f7e3d62e3e10ab0458ed87675c4e0161) Importer(815301076,1909f56bfc062723c751e8b465ee728b)
Start importing Assets/hdr.png using Guid(f7e3d62e3e10ab0458ed87675c4e0161) Importer(815301076,1909f56bfc062723c751e8b465ee728b)  -> (artifact id: '312e664ff65bffbed336684dd36f54b8') in 0.610443 seconds 
  Import took 0.645147 seconds .

========================================================================
Received Import Request.
  Time since last request: 0.000296 seconds.
  path: Assets/Scenes/Test IA.unity
  artifactKey: Guid(a51eca8480b90b446940a9d82f3eba5b) Importer(815301076,1909f56bfc062723c751e8b465ee728b)
Start importing Assets/Scenes/Test IA.unity using Guid(a51eca8480b90b446940a9d82f3eba5b) Importer(815301076,1909f56bfc062723c751e8b465ee728b)  -> (artifact id: '3a643b107ae98fc271dec796e0c29d7d') in 0.029948 seconds 
  Import took 0.057962 seconds .

========================================================================
Received Import Request.
  Time since last request: 124.127418 seconds.
  path: Assets/Scenes/Level1.unity
  artifactKey: Guid(864e5be1f7ab8964c84c2f60e8a95a7f) Importer(815301076,1909f56bfc062723c751e8b465ee728b)
Start importing Assets/Scenes/Level1.unity using Guid(864e5be1f7ab8964c84c2f60e8a95a7f) Importer(815301076,1909f56bfc062723c751e8b465ee728b)  -> (artifact id: '647f8a099eaf3da3a76422aad259f0ba') in 0.028051 seconds 
  Import took 0.054245 seconds .

========================================================================
Received Import Request.
  Time since last request: 554.532651 seconds.
  path: Assets/Scenes/Main Menu.unity
  artifactKey: Guid(5dcbdad74c7551b4ea4794846b2cc507) Importer(815301076,1909f56bfc062723c751e8b465ee728b)
Start importing Assets/Scenes/Main Menu.unity using Guid(5dcbdad74c7551b4ea4794846b2cc507) Importer(815301076,1909f56bfc062723c751e8b465ee728b)  -> (artifact id: '026b98d09087af6e0729f35685721bbc') in 0.009598 seconds 
  Import took 0.021113 seconds .

========================================================================
Received Prepare
Registering precompiled user dll's ...
Registered in 0.005563 seconds.
Begin MonoManager ReloadAssembly
Native extension for WindowsStandalone target not found
Refreshing native plugins compatible for Editor in 1.30 ms, found 5 plugins.
Preloading 0 native plugins for Editor in 0.00 ms.
Mono: successfully reloaded assembly
- Completed reload, in  4.680 seconds
Domain Reload Profiling:
	ReloadAssembly (4684ms)
		BeginReloadAssembly (260ms)
			ExecutionOrderSort (0ms)
			DisableScriptedObjects (32ms)
			BackupInstance (0ms)
			ReleaseScriptingObjects (0ms)
			CreateAndSetChildDomain (59ms)
		EndReloadAssembly (4345ms)
			LoadAssemblies (146ms)
			RebuildTransferFunctionScriptingTraits (0ms)
			SetupTypeCache (497ms)
			ReleaseScriptCaches (2ms)
			RebuildScriptCaches (83ms)
			SetupLoadedEditorAssemblies (3195ms)
				LogAssemblyErrors (0ms)
				InitializePlatformSupportModulesInManaged (5ms)
				SetLoadedEditorAssemblies (1ms)
				RefreshPlugins (1ms)
				BeforeProcessingInitializeOnLoad (151ms)
				ProcessInitializeOnLoadAttributes (2955ms)
				ProcessInitializeOnLoadMethodAttributes (46ms)
				AfterProcessingInitializeOnLoad (35ms)
				EditorAssembliesLoaded (1ms)
			ExecutionOrderSort2 (0ms)
			AwakeInstancesAfterBackupRestoration (65ms)
Platform modules already initialized, skipping
Refreshing native plugins compatible for Editor in 5.18 ms, found 5 plugins.
Preloading 0 native plugins for Editor in 0.00 ms.
Unloading 4455 Unused Serialized files (Serialized files now loaded: 0)
System memory in use before: 231.9 MB.
System memory in use after: 232.0 MB.

Unloading 25 unused Assets to reduce memory usage. Loaded Objects now: 5435.
Total: 21.072200 ms (FindLiveObjects: 4.018500 ms CreateObjectMapping: 5.533500 ms MarkObjects: 11.090800 ms  DeleteObjects: 0.427500 ms)

AssetImportParameters requested are different than current active one (requested -> active):
  custom:framework-win-MediaFoundation: 216162199b28c13a410421893ffa2e32 -> 
  custom:video-decoder-ogg-theora: a1e56fd34408186e4bbccfd4996cb3dc -> 
  custom:container-muxer-webm: aa71ff27fc2769a1b78a27578f13a17b -> 
  custom:container-demuxer-webm: 4f35f7cbe854078d1ac9338744f61a02 -> 
  custom:container-demuxer-ogg: 62fdf1f143b41e24485cea50d1cbac27 -> 
  custom:video-encoder-webm-vp8: eb34c28f22e8b96e1ab97ce403110664 -> 
  custom:video-decoder-webm-vp8: 9c59270c3fd7afecdb556c50c9e8de78 -> 
  custom:audio-decoder-ogg-vorbis: bf7c407c2cedff20999df2af8eb42d56 -> 
  custom:audio-encoder-webm-vorbis: bf7c407c2cedff20999df2af8eb42d56 -> 
========================================================================
Received Import Request.
  Time since last request: 58.766675 seconds.
  path: Assets/hdr.png
  artifactKey: Guid(f7e3d62e3e10ab0458ed87675c4e0161) Importer(815301076,1909f56bfc062723c751e8b465ee728b)
Start importing Assets/hdr.png using Guid(f7e3d62e3e10ab0458ed87675c4e0161) Importer(815301076,1909f56bfc062723c751e8b465ee728b)  -> (artifact id: '4f5319794f9b7f22cd197fc9619b28c3') in 0.106555 seconds 
  Import took 0.139190 seconds .

========================================================================
Received Import Request.
  Time since last request: 79.441499 seconds.
  path: Assets/deimos_logo_positivo.png
  artifactKey: Guid(187c66f44a38b5b438c60a21dbd00900) Importer(815301076,1909f56bfc062723c751e8b465ee728b)
Start importing Assets/deimos_logo_positivo.png using Guid(187c66f44a38b5b438c60a21dbd00900) Importer(815301076,1909f56bfc062723c751e8b465ee728b)  -> (artifact id: '850468653fc7a1115c6582de2144b13d') in 0.052417 seconds 
  Import took 0.073004 seconds .

========================================================================
Received Import Request.
  Time since last request: 29.675259 seconds.
  path: Assets/deimos_logo_positivo.png
  artifactKey: Guid(187c66f44a38b5b438c60a21dbd00900) Importer(815301076,1909f56bfc062723c751e8b465ee728b)
Start importing Assets/deimos_logo_positivo.png using Guid(187c66f44a38b5b438c60a21dbd00900) Importer(815301076,1909f56bfc062723c751e8b465ee728b)  -> (artifact id: '17f4e6f4a52ef1a47a6d9c6bcdb24e74') in 0.056559 seconds 
  Import took 0.085788 seconds .

========================================================================
Received Import Request.
  Time since last request: 449.216273 seconds.
  path: Assets/Redentor
  artifactKey: Guid(04ac354904482c2488088b56576c3bfb) Importer(815301076,1909f56bfc062723c751e8b465ee728b)
Start importing Assets/Redentor using Guid(04ac354904482c2488088b56576c3bfb) Importer(815301076,1909f56bfc062723c751e8b465ee728b)  -> (artifact id: '2528265813b9f69492c0947f1a7eaf46') in 0.010629 seconds 
  Import took 0.023599 seconds .

========================================================================
Received Import Request.
  Time since last request: 2.870918 seconds.
  path: Assets/Redentor/RedRun.anim
  artifactKey: Guid(17016ebc3434dbd4aa4406cb19a1719e) Importer(815301076,1909f56bfc062723c751e8b465ee728b)
Start importing Assets/Redentor/RedRun.anim using Guid(17016ebc3434dbd4aa4406cb19a1719e) Importer(815301076,1909f56bfc062723c751e8b465ee728b)  -> (artifact id: '0e71e63172f626e1e8b75dd7d6038774') in 0.015584 seconds 
  Import took 0.024453 seconds .

========================================================================
Received Import Request.
  Time since last request: 2.776200 seconds.
  path: Assets/Redentor/Materials
  artifactKey: Guid(a3c8a3157bb48344e864c653db118176) Importer(815301076,1909f56bfc062723c751e8b465ee728b)
Start importing Assets/Redentor/Materials using Guid(a3c8a3157bb48344e864c653db118176) Importer(815301076,1909f56bfc062723c751e8b465ee728b)  -> (artifact id: '47b5c7d305a78109a571abd6f8e4e149') in 0.008121 seconds 
  Import took 0.019362 seconds .

========================================================================
Received Import Request.
  Time since last request: 0.553894 seconds.
  path: Assets/Redentor/Import
  artifactKey: Guid(73e23a2b450120d4c891af873706fa01) Importer(815301076,1909f56bfc062723c751e8b465ee728b)
Start importing Assets/Redentor/Import using Guid(73e23a2b450120d4c891af873706fa01) Importer(815301076,1909f56bfc062723c751e8b465ee728b)  -> (artifact id: '5e7a7a573fc5efc274cf0090681bcb8c') in 0.008117 seconds 
  Import took 0.018767 seconds .

========================================================================
Received Import Request.
  Time since last request: 0.041417 seconds.
  path: Assets/Redentor/Import/redentor.obj
  artifactKey: Guid(287a54d428daaba46ac54549582b6624) Importer(815301076,1909f56bfc062723c751e8b465ee728b)
Start importing Assets/Redentor/Import/redentor.obj using Guid(287a54d428daaba46ac54549582b6624) Importer(815301076,1909f56bfc062723c751e8b465ee728b)  -> (artifact id: '7938fbdfb526e62bc722219f47ca425f') in 1.494018 seconds 
  Import took 1.504195 seconds .

========================================================================
Received Import Request.
  Time since last request: 0.000188 seconds.
  path: Assets/Redentor/Import/redentor_Walk.fbx
  artifactKey: Guid(0d8b72e64872a154689ca06da06396bb) Importer(815301076,1909f56bfc062723c751e8b465ee728b)
Start importing Assets/Redentor/Import/redentor_Walk.fbx using Guid(0d8b72e64872a154689ca06da06396bb) Importer(815301076,1909f56bfc062723c751e8b465ee728b)  -> (artifact id: '1a220332d18a593e45d89cfc84a0a92a') in 0.554028 seconds 
  Import took 0.564364 seconds .

========================================================================
Received Import Request.
  Time since last request: 0.000314 seconds.
  path: Assets/Redentor/Import/redentor_Run.fbx
  artifactKey: Guid(3739dfbafcd93864fa8da960fca89c85) Importer(815301076,1909f56bfc062723c751e8b465ee728b)
Start importing Assets/Redentor/Import/redentor_Run.fbx using Guid(3739dfbafcd93864fa8da960fca89c85) Importer(815301076,1909f56bfc062723c751e8b465ee728b)  -> (artifact id: '6690155eea4292ab8f0ebdd88505e9d1') in 0.304620 seconds 
  Import took 0.315103 seconds .

========================================================================
Received Import Request.
  Time since last request: 0.000277 seconds.
  path: Assets/Redentor/Import/redentor_Idle.fbx
  artifactKey: Guid(d1c6e4e463b79924ba3cad18f608e42e) Importer(815301076,1909f56bfc062723c751e8b465ee728b)
Start importing Assets/Redentor/Import/redentor_Idle.fbx using Guid(d1c6e4e463b79924ba3cad18f608e42e) Importer(815301076,1909f56bfc062723c751e8b465ee728b)  -> (artifact id: '1c44263ff91f72e643994d57f847f8e0') in 0.285921 seconds 
  Import took 0.295237 seconds .

========================================================================
Received Import Request.
  Time since last request: 0.000304 seconds.
  path: Assets/Redentor/Import/redentor_Death.fbx
  artifactKey: Guid(20dbaa93c9432b44b944708501620a24) Importer(815301076,1909f56bfc062723c751e8b465ee728b)
Start importing Assets/Redentor/Import/redentor_Death.fbx using Guid(20dbaa93c9432b44b944708501620a24) Importer(815301076,1909f56bfc062723c751e8b465ee728b)  -> (artifact id: 'bbaacc12f66b32b3060b65680a25861c') in 0.351665 seconds 
  Import took 0.361687 seconds .

========================================================================
Received Import Request.
  Time since last request: 0.000318 seconds.
  path: Assets/Redentor/Import/redentor_Attack2.fbx
  artifactKey: Guid(6723f9e0e295a354b874e1287736967c) Importer(815301076,1909f56bfc062723c751e8b465ee728b)
Start importing Assets/Redentor/Import/redentor_Attack2.fbx using Guid(6723f9e0e295a354b874e1287736967c) Importer(815301076,1909f56bfc062723c751e8b465ee728b)  -> (artifact id: 'e568db5925eaa9582a95e0d38fc7edf3') in 0.280453 seconds 
  Import took 0.291305 seconds .

========================================================================
Received Import Request.
  Time since last request: 0.000270 seconds.
  path: Assets/Redentor/Import/redentor_Attack.fbx
  artifactKey: Guid(a6c1cf12856704d4e9614c6c1ccfc803) Importer(815301076,1909f56bfc062723c751e8b465ee728b)
Start importing Assets/Redentor/Import/redentor_Attack.fbx using Guid(a6c1cf12856704d4e9614c6c1ccfc803) Importer(815301076,1909f56bfc062723c751e8b465ee728b)  -> (artifact id: '972773db3909b2e281b0a6da2a7f5ce3') in 0.295037 seconds 
  Import took 0.303649 seconds .

========================================================================
Received Import Request.
  Time since last request: 752.477026 seconds.
  path: Assets/Samples/Cinemachine/2.6.11/Cinemachine Example Scenes/Shared/Textures/crosshair.png
  artifactKey: Guid(1a1da36a104725048b8d2388fb8d321d) Importer(815301076,1909f56bfc062723c751e8b465ee728b)
Start importing Assets/Samples/Cinemachine/2.6.11/Cinemachine Example Scenes/Shared/Textures/crosshair.png using Guid(1a1da36a104725048b8d2388fb8d321d) Importer(815301076,1909f56bfc062723c751e8b465ee728b)  -> (artifact id: 'da4adca3694a999ca9e6ccda8ae6d6c8') in 0.034477 seconds 
  Import took 0.051030 seconds .

========================================================================
Received Import Request.
  Time since last request: 0.000274 seconds.
  path: Assets/Textures/UI/kindpng_1918677.png
  artifactKey: Guid(7d1c7660a8af1ad429c15b960da28396) Importer(815301076,1909f56bfc062723c751e8b465ee728b)
Start importing Assets/Textures/UI/kindpng_1918677.png using Guid(7d1c7660a8af1ad429c15b960da28396) Importer(815301076,1909f56bfc062723c751e8b465ee728b)  -> (artifact id: 'f48f08f1998906c669b56653c3220ed2') in 0.086295 seconds 
  Import took 0.096147 seconds .

========================================================================
Received Import Request.
  Time since last request: 0.000268 seconds.
  path: Assets/Textures/UI/SeekPng.com_crosshair-png_116065.png
  artifactKey: Guid(cf67e1abb9e41f44f8a05f3128d1f86f) Importer(815301076,1909f56bfc062723c751e8b465ee728b)
Start importing Assets/Textures/UI/SeekPng.com_crosshair-png_116065.png using Guid(cf67e1abb9e41f44f8a05f3128d1f86f) Importer(815301076,1909f56bfc062723c751e8b465ee728b)  -> (artifact id: 'dffd6100c4482fdd2c98856a9a38b0cb') in 0.224743 seconds 
  Import took 0.237241 seconds .

========================================================================
Received Import Request.
  Time since last request: 0.000263 seconds.
  path: Assets/Textures/guipng.png
  artifactKey: Guid(8145ed227ee737a4b9b717c5b70d7ecb) Importer(815301076,1909f56bfc062723c751e8b465ee728b)
Start importing Assets/Textures/guipng.png using Guid(8145ed227ee737a4b9b717c5b70d7ecb) Importer(815301076,1909f56bfc062723c751e8b465ee728b)  -> (artifact id: 'c27dab49ee92b2a459a048ea0ef4b16a') in 0.028451 seconds 
  Import took 0.039785 seconds .

========================================================================
Received Import Request.
  Time since last request: 0.000426 seconds.
  path: Assets/Samples/Cinemachine/2.6.11/Cinemachine Example Scenes/Shared/Textures/crosshair.png
  artifactKey: Guid(1a1da36a104725048b8d2388fb8d321d) Importer(815301076,1909f56bfc062723c751e8b465ee728b)
Start importing Assets/Samples/Cinemachine/2.6.11/Cinemachine Example Scenes/Shared/Textures/crosshair.png using Guid(1a1da36a104725048b8d2388fb8d321d) Importer(815301076,1909f56bfc062723c751e8b465ee728b)  -> (artifact id: 'da4adca3694a999ca9e6ccda8ae6d6c8') in 0.019230 seconds 
  Import took 0.029086 seconds .

========================================================================
Received Import Request.
  Time since last request: 67.595854 seconds.
  path: Assets/deg6xvf-80e8d01b-75f1-4594-a83d-1574da137260.png
  artifactKey: Guid(fab7606dac9edaf41a8e71191d907cb4) Importer(815301076,1909f56bfc062723c751e8b465ee728b)
Start importing Assets/deg6xvf-80e8d01b-75f1-4594-a83d-1574da137260.png using Guid(fab7606dac9edaf41a8e71191d907cb4) Importer(815301076,1909f56bfc062723c751e8b465ee728b)  -> (artifact id: 'cf4163182e99e158e483e29ae7a692e6') in 0.040071 seconds 
  Import took 0.050868 seconds .

========================================================================
Received Import Request.
  Time since last request: 8.200849 seconds.
  path: Assets/deg6xvf-80e8d01b-75f1-4594-a83d-1574da137260.png
  artifactKey: Guid(fab7606dac9edaf41a8e71191d907cb4) Importer(815301076,1909f56bfc062723c751e8b465ee728b)
Start importing Assets/deg6xvf-80e8d01b-75f1-4594-a83d-1574da137260.png using Guid(fab7606dac9edaf41a8e71191d907cb4) Importer(815301076,1909f56bfc062723c751e8b465ee728b)  -> (artifact id: '26c47d204acef59fa84b71dec0678fe7') in 0.159224 seconds 
  Import took 0.170344 seconds .

========================================================================
Received Import Request.
  Time since last request: 276.380111 seconds.
  path: Assets/Scripts
  artifactKey: Guid(19687451832812e4eb57bcfdcacfb592) Importer(815301076,1909f56bfc062723c751e8b465ee728b)
Start importing Assets/Scripts using Guid(19687451832812e4eb57bcfdcacfb592) Importer(815301076,1909f56bfc062723c751e8b465ee728b)  -> (artifact id: 'dbecc077235a6fc215c7576b6851f84b') in 0.008357 seconds 
  Import took 0.020103 seconds .

========================================================================
Received Import Request.
  Time since last request: 10.120107 seconds.
  path: Assets/Scripts/NewBehaviourScript.cs
  artifactKey: Guid(55b54985822d6ba4683329275220986c) Importer(815301076,1909f56bfc062723c751e8b465ee728b)
Start importing Assets/Scripts/NewBehaviourScript.cs using Guid(55b54985822d6ba4683329275220986c) Importer(815301076,1909f56bfc062723c751e8b465ee728b)  -> (artifact id: '5d3d08eced7aa48170b8f31d0d4686a4') in 0.010192 seconds 
  Import took 0.022734 seconds .

========================================================================
Received Prepare
Registering precompiled user dll's ...
Registered in 0.007521 seconds.
Begin MonoManager ReloadAssembly
Native extension for WindowsStandalone target not found
Refreshing native plugins compatible for Editor in 1.36 ms, found 5 plugins.
Preloading 0 native plugins for Editor in 0.00 ms.
Mono: successfully reloaded assembly
- Completed reload, in  2.308 seconds
Domain Reload Profiling:
	ReloadAssembly (2309ms)
		BeginReloadAssembly (197ms)
			ExecutionOrderSort (1ms)
			DisableScriptedObjects (47ms)
			BackupInstance (0ms)
			ReleaseScriptingObjects (0ms)
			CreateAndSetChildDomain (56ms)
		EndReloadAssembly (2039ms)
			LoadAssemblies (109ms)
			RebuildTransferFunctionScriptingTraits (0ms)
			SetupTypeCache (460ms)
			ReleaseScriptCaches (2ms)
			RebuildScriptCaches (103ms)
			SetupLoadedEditorAssemblies (1044ms)
				LogAssemblyErrors (0ms)
				InitializePlatformSupportModulesInManaged (5ms)
				SetLoadedEditorAssemblies (1ms)
				RefreshPlugins (1ms)
				BeforeProcessingInitializeOnLoad (144ms)
				ProcessInitializeOnLoadAttributes (879ms)
				ProcessInitializeOnLoadMethodAttributes (8ms)
				AfterProcessingInitializeOnLoad (6ms)
				EditorAssembliesLoaded (0ms)
			ExecutionOrderSort2 (0ms)
			AwakeInstancesAfterBackupRestoration (29ms)
Platform modules already initialized, skipping
Refreshing native plugins compatible for Editor in 1.27 ms, found 5 plugins.
Preloading 0 native plugins for Editor in 0.00 ms.
Unloading 4444 Unused Serialized files (Serialized files now loaded: 0)
System memory in use before: 232.3 MB.
System memory in use after: 232.5 MB.

Unloading 25 unused Assets to reduce memory usage. Loaded Objects now: 5552.
Total: 6.665500 ms (FindLiveObjects: 0.838400 ms CreateObjectMapping: 0.790300 ms MarkObjects: 4.752700 ms  DeleteObjects: 0.281500 ms)

AssetImportParameters requested are different than current active one (requested -> active):
  custom:framework-win-MediaFoundation: 216162199b28c13a410421893ffa2e32 -> 
  custom:video-decoder-ogg-theora: a1e56fd34408186e4bbccfd4996cb3dc -> 
  custom:container-muxer-webm: aa71ff27fc2769a1b78a27578f13a17b -> 
  custom:container-demuxer-webm: 4f35f7cbe854078d1ac9338744f61a02 -> 
  custom:container-demuxer-ogg: 62fdf1f143b41e24485cea50d1cbac27 -> 
  custom:video-encoder-webm-vp8: eb34c28f22e8b96e1ab97ce403110664 -> 
  custom:video-decoder-webm-vp8: 9c59270c3fd7afecdb556c50c9e8de78 -> 
  custom:audio-decoder-ogg-vorbis: bf7c407c2cedff20999df2af8eb42d56 -> 
  custom:audio-encoder-webm-vorbis: bf7c407c2cedff20999df2af8eb42d56 -> 
========================================================================
Received Import Request.
  Time since last request: 23.458430 seconds.
  path: Assets/Scripts/SceneManager.cs
  artifactKey: Guid(55b54985822d6ba4683329275220986c) Importer(815301076,1909f56bfc062723c751e8b465ee728b)
Start importing Assets/Scripts/SceneManager.cs using Guid(55b54985822d6ba4683329275220986c) Importer(815301076,1909f56bfc062723c751e8b465ee728b)  -> (artifact id: '91189eb3ecc71b34cfaf1d4431d68cd7') in 0.016011 seconds 
  Import took 0.029369 seconds .

========================================================================
Received Import Request.
  Time since last request: 0.008579 seconds.
  path: Assets/Scripts/SceneManager.cs
  artifactKey: Guid(55b54985822d6ba4683329275220986c) Importer(815301076,1909f56bfc062723c751e8b465ee728b)
Start importing Assets/Scripts/SceneManager.cs using Guid(55b54985822d6ba4683329275220986c) Importer(815301076,1909f56bfc062723c751e8b465ee728b)  -> (artifact id: '91189eb3ecc71b34cfaf1d4431d68cd7') in 0.004329 seconds 
  Import took 0.020521 seconds .

========================================================================
Received Prepare
Registering precompiled user dll's ...
Registered in 0.005820 seconds.
Begin MonoManager ReloadAssembly
Native extension for WindowsStandalone target not found
Refreshing native plugins compatible for Editor in 1.47 ms, found 5 plugins.
Preloading 0 native plugins for Editor in 0.00 ms.
Mono: successfully reloaded assembly
- Completed reload, in  2.132 seconds
Domain Reload Profiling:
	ReloadAssembly (2132ms)
		BeginReloadAssembly (151ms)
			ExecutionOrderSort (0ms)
			DisableScriptedObjects (5ms)
			BackupInstance (0ms)
			ReleaseScriptingObjects (0ms)
			CreateAndSetChildDomain (46ms)
		EndReloadAssembly (1916ms)
			LoadAssemblies (107ms)
			RebuildTransferFunctionScriptingTraits (0ms)
			SetupTypeCache (423ms)
			ReleaseScriptCaches (2ms)
			RebuildScriptCaches (84ms)
			SetupLoadedEditorAssemblies (997ms)
				LogAssemblyErrors (0ms)
				InitializePlatformSupportModulesInManaged (5ms)
				SetLoadedEditorAssemblies (1ms)
				RefreshPlugins (2ms)
				BeforeProcessingInitializeOnLoad (139ms)
				ProcessInitializeOnLoadAttributes (833ms)
				ProcessInitializeOnLoadMethodAttributes (9ms)
				AfterProcessingInitializeOnLoad (8ms)
				EditorAssembliesLoaded (0ms)
			ExecutionOrderSort2 (0ms)
			AwakeInstancesAfterBackupRestoration (24ms)
Platform modules already initialized, skipping
Refreshing native plugins compatible for Editor in 1.01 ms, found 5 plugins.
Preloading 0 native plugins for Editor in 0.00 ms.
Unloading 4444 Unused Serialized files (Serialized files now loaded: 0)
System memory in use before: 232.3 MB.
System memory in use after: 232.6 MB.

Unloading 25 unused Assets to reduce memory usage. Loaded Objects now: 5555.
Total: 5.987400 ms (FindLiveObjects: 0.638000 ms CreateObjectMapping: 0.387100 ms MarkObjects: 4.718400 ms  DeleteObjects: 0.241600 ms)

AssetImportParameters requested are different than current active one (requested -> active):
  custom:framework-win-MediaFoundation: 216162199b28c13a410421893ffa2e32 -> 
  custom:video-decoder-ogg-theora: a1e56fd34408186e4bbccfd4996cb3dc -> 
  custom:container-muxer-webm: aa71ff27fc2769a1b78a27578f13a17b -> 
  custom:container-demuxer-webm: 4f35f7cbe854078d1ac9338744f61a02 -> 
  custom:container-demuxer-ogg: 62fdf1f143b41e24485cea50d1cbac27 -> 
  custom:video-encoder-webm-vp8: eb34c28f22e8b96e1ab97ce403110664 -> 
  custom:video-decoder-webm-vp8: 9c59270c3fd7afecdb556c50c9e8de78 -> 
  custom:audio-decoder-ogg-vorbis: bf7c407c2cedff20999df2af8eb42d56 -> 
  custom:audio-encoder-webm-vorbis: bf7c407c2cedff20999df2af8eb42d56 -> 
========================================================================
Received Import Request.
  Time since last request: 13.478880 seconds.
  path: Assets/Scripts/Restart.cs
  artifactKey: Guid(78a64aa383c514d43898f20224174164) Importer(815301076,1909f56bfc062723c751e8b465ee728b)
Start importing Assets/Scripts/Restart.cs using Guid(78a64aa383c514d43898f20224174164) Importer(815301076,1909f56bfc062723c751e8b465ee728b)  -> (artifact id: 'f75a392307cb6f34b9e9ebfa95bde66a') in 0.021433 seconds 
  Import took 0.038674 seconds .

========================================================================
Received Prepare
Registering precompiled user dll's ...
Registered in 0.005805 seconds.
Begin MonoManager ReloadAssembly
Native extension for WindowsStandalone target not found
Refreshing native plugins compatible for Editor in 0.96 ms, found 5 plugins.
Preloading 0 native plugins for Editor in 0.00 ms.
Mono: successfully reloaded assembly
- Completed reload, in  2.113 seconds
Domain Reload Profiling:
	ReloadAssembly (2113ms)
		BeginReloadAssembly (143ms)
			ExecutionOrderSort (0ms)
			DisableScriptedObjects (6ms)
			BackupInstance (0ms)
			ReleaseScriptingObjects (0ms)
			CreateAndSetChildDomain (44ms)
		EndReloadAssembly (1904ms)
			LoadAssemblies (103ms)
			RebuildTransferFunctionScriptingTraits (0ms)
			SetupTypeCache (451ms)
			ReleaseScriptCaches (2ms)
			RebuildScriptCaches (82ms)
			SetupLoadedEditorAssemblies (1003ms)
				LogAssemblyErrors (0ms)
				InitializePlatformSupportModulesInManaged (9ms)
				SetLoadedEditorAssemblies (0ms)
				RefreshPlugins (1ms)
				BeforeProcessingInitializeOnLoad (134ms)
				ProcessInitializeOnLoadAttributes (844ms)
				ProcessInitializeOnLoadMethodAttributes (7ms)
				AfterProcessingInitializeOnLoad (6ms)
				EditorAssembliesLoaded (0ms)
			ExecutionOrderSort2 (0ms)
			AwakeInstancesAfterBackupRestoration (22ms)
Platform modules already initialized, skipping
Refreshing native plugins compatible for Editor in 1.03 ms, found 5 plugins.
Preloading 0 native plugins for Editor in 0.00 ms.
Unloading 4443 Unused Serialized files (Serialized files now loaded: 0)
System memory in use before: 232.3 MB.
System memory in use after: 232.6 MB.

Unloading 26 unused Assets to reduce memory usage. Loaded Objects now: 5557.
Total: 5.312900 ms (FindLiveObjects: 0.644000 ms CreateObjectMapping: 0.467900 ms MarkObjects: 4.003600 ms  DeleteObjects: 0.196100 ms)

AssetImportParameters requested are different than current active one (requested -> active):
  custom:framework-win-MediaFoundation: 216162199b28c13a410421893ffa2e32 -> 
  custom:video-decoder-ogg-theora: a1e56fd34408186e4bbccfd4996cb3dc -> 
  custom:container-muxer-webm: aa71ff27fc2769a1b78a27578f13a17b -> 
  custom:container-demuxer-webm: 4f35f7cbe854078d1ac9338744f61a02 -> 
  custom:container-demuxer-ogg: 62fdf1f143b41e24485cea50d1cbac27 -> 
  custom:video-encoder-webm-vp8: eb34c28f22e8b96e1ab97ce403110664 -> 
  custom:video-decoder-webm-vp8: 9c59270c3fd7afecdb556c50c9e8de78 -> 
  custom:audio-decoder-ogg-vorbis: bf7c407c2cedff20999df2af8eb42d56 -> 
  custom:audio-encoder-webm-vorbis: bf7c407c2cedff20999df2af8eb42d56 -> 
========================================================================
Received Import Request.
  Time since last request: 12.495909 seconds.
  path: Assets/Scripts/GrapplingHook.cs
  artifactKey: Guid(1f22cb5c672d18948aa06c50adb372ef) Importer(815301076,1909f56bfc062723c751e8b465ee728b)
Start importing Assets/Scripts/GrapplingHook.cs using Guid(1f22cb5c672d18948aa06c50adb372ef) Importer(815301076,1909f56bfc062723c751e8b465ee728b)  -> (artifact id: 'c4f80be3b19c766ca08ea90f606d5e03') in 0.011134 seconds 
  Import took 0.019674 seconds .

========================================================================
Received Import Request.
  Time since last request: 0.022225 seconds.
  path: Assets/Scripts/GrapplingHook.cs
  artifactKey: Guid(1f22cb5c672d18948aa06c50adb372ef) Importer(815301076,1909f56bfc062723c751e8b465ee728b)
Start importing Assets/Scripts/GrapplingHook.cs using Guid(1f22cb5c672d18948aa06c50adb372ef) Importer(815301076,1909f56bfc062723c751e8b465ee728b)  -> (artifact id: 'c4f80be3b19c766ca08ea90f606d5e03') in 0.002553 seconds 
  Import took 0.011796 seconds .

========================================================================
Received Import Request.
  Time since last request: 7.918136 seconds.
  path: Assets/Scripts/SceneManager.cs
  artifactKey: Guid(55b54985822d6ba4683329275220986c) Importer(815301076,1909f56bfc062723c751e8b465ee728b)
Start importing Assets/Scripts/SceneManager.cs using Guid(55b54985822d6ba4683329275220986c) Importer(815301076,1909f56bfc062723c751e8b465ee728b)  -> (artifact id: 'edb745794c029bb9590aa47ae564e302') in 0.005524 seconds 
  Import took 0.022787 seconds .

========================================================================
Received Import Request.
  Time since last request: 0.004275 seconds.
  path: Assets/Scripts/SceneManager.cs
  artifactKey: Guid(55b54985822d6ba4683329275220986c) Importer(815301076,1909f56bfc062723c751e8b465ee728b)
Start importing Assets/Scripts/SceneManager.cs using Guid(55b54985822d6ba4683329275220986c) Importer(815301076,1909f56bfc062723c751e8b465ee728b)  -> (artifact id: 'edb745794c029bb9590aa47ae564e302') in 0.009865 seconds 
  Import took 0.022102 seconds .

========================================================================
Received Import Request.
  Time since last request: 343.057769 seconds.
  path: Assets/Scripts/Restart.cs
  artifactKey: Guid(78a64aa383c514d43898f20224174164) Importer(815301076,1909f56bfc062723c751e8b465ee728b)
Start importing Assets/Scripts/Restart.cs using Guid(78a64aa383c514d43898f20224174164) Importer(815301076,1909f56bfc062723c751e8b465ee728b)  -> (artifact id: '948c16eb7c5f9f2cee7a5a9bfcdcb04f') in 0.022066 seconds 
  Import took 0.041707 seconds .

========================================================================
Received Import Request.
  Time since last request: 51.355804 seconds.
  path: Assets/Scripts/Restart.cs
  artifactKey: Guid(78a64aa383c514d43898f20224174164) Importer(815301076,1909f56bfc062723c751e8b465ee728b)
Start importing Assets/Scripts/Restart.cs using Guid(78a64aa383c514d43898f20224174164) Importer(815301076,1909f56bfc062723c751e8b465ee728b)  -> (artifact id: 'dfe60703b8863bd2f9bc00030f598c28') in 0.004371 seconds 
  Import took 0.013922 seconds .

========================================================================
Received Import Request.
  Time since last request: 0.009520 seconds.
  path: Assets/Scripts/Restart.cs
  artifactKey: Guid(78a64aa383c514d43898f20224174164) Importer(815301076,1909f56bfc062723c751e8b465ee728b)
Start importing Assets/Scripts/Restart.cs using Guid(78a64aa383c514d43898f20224174164) Importer(815301076,1909f56bfc062723c751e8b465ee728b)  -> (artifact id: 'dfe60703b8863bd2f9bc00030f598c28') in 0.004457 seconds 
  Import took 0.013870 seconds .

========================================================================
Received Import Request.
  Time since last request: 35.171123 seconds.
  path: Assets/Scripts/MenuManager.cs
  artifactKey: Guid(e46e4564d71f70e46a40e6ada3d0dacd) Importer(815301076,1909f56bfc062723c751e8b465ee728b)
Start importing Assets/Scripts/MenuManager.cs using Guid(e46e4564d71f70e46a40e6ada3d0dacd) Importer(815301076,1909f56bfc062723c751e8b465ee728b)  -> (artifact id: '037221ccba67e567018ed43239ae13a4') in 0.009483 seconds 
  Import took 0.024095 seconds .

========================================================================
Received Import Request.
  Time since last request: 12.100764 seconds.
  path: Assets/Scripts/MenuManager.cs
  artifactKey: Guid(e46e4564d71f70e46a40e6ada3d0dacd) Importer(815301076,1909f56bfc062723c751e8b465ee728b)
Start importing Assets/Scripts/MenuManager.cs using Guid(e46e4564d71f70e46a40e6ada3d0dacd) Importer(815301076,1909f56bfc062723c751e8b465ee728b)  -> (artifact id: '233f1b2431c8abb4ac9126809a300e97') in 0.003392 seconds 
  Import took 0.014497 seconds .

========================================================================
Received Import Request.
  Time since last request: 0.009226 seconds.
  path: Assets/Scripts/MenuManager.cs
  artifactKey: Guid(e46e4564d71f70e46a40e6ada3d0dacd) Importer(815301076,1909f56bfc062723c751e8b465ee728b)
Start importing Assets/Scripts/MenuManager.cs using Guid(e46e4564d71f70e46a40e6ada3d0dacd) Importer(815301076,1909f56bfc062723c751e8b465ee728b)  -> (artifact id: '233f1b2431c8abb4ac9126809a300e97') in 0.004040 seconds 
  Import took 0.013936 seconds .

========================================================================
Received Import Request.
  Time since last request: 47.376643 seconds.
  path: Assets/Scripts/SceneManager.cs
  artifactKey: Guid(55b54985822d6ba4683329275220986c) Importer(815301076,1909f56bfc062723c751e8b465ee728b)
Start importing Assets/Scripts/SceneManager.cs using Guid(55b54985822d6ba4683329275220986c) Importer(815301076,1909f56bfc062723c751e8b465ee728b)  -> (artifact id: '82a123d06ebc31ea94c11b5c63b43212') in 0.003844 seconds 
  Import took 0.014101 seconds .

========================================================================
Received Prepare
Registering precompiled user dll's ...
Registered in 0.005493 seconds.
Begin MonoManager ReloadAssembly
Native extension for WindowsStandalone target not found
Refreshing native plugins compatible for Editor in 0.96 ms, found 5 plugins.
Preloading 0 native plugins for Editor in 0.00 ms.
Mono: successfully reloaded assembly
- Completed reload, in  2.030 seconds
Domain Reload Profiling:
	ReloadAssembly (2030ms)
		BeginReloadAssembly (134ms)
			ExecutionOrderSort (0ms)
			DisableScriptedObjects (8ms)
			BackupInstance (0ms)
			ReleaseScriptingObjects (0ms)
			CreateAndSetChildDomain (44ms)
		EndReloadAssembly (1829ms)
			LoadAssemblies (103ms)
			RebuildTransferFunctionScriptingTraits (0ms)
			SetupTypeCache (457ms)
			ReleaseScriptCaches (3ms)
			RebuildScriptCaches (86ms)
			SetupLoadedEditorAssemblies (909ms)
				LogAssemblyErrors (0ms)
				InitializePlatformSupportModulesInManaged (4ms)
				SetLoadedEditorAssemblies (1ms)
				RefreshPlugins (1ms)
				BeforeProcessingInitializeOnLoad (128ms)
				ProcessInitializeOnLoadAttributes (763ms)
				ProcessInitializeOnLoadMethodAttributes (7ms)
				AfterProcessingInitializeOnLoad (6ms)
				EditorAssembliesLoaded (0ms)
			ExecutionOrderSort2 (0ms)
			AwakeInstancesAfterBackupRestoration (25ms)
Platform modules already initialized, skipping
Refreshing native plugins compatible for Editor in 0.99 ms, found 5 plugins.
Preloading 0 native plugins for Editor in 0.00 ms.
Unloading 4444 Unused Serialized files (Serialized files now loaded: 0)
System memory in use before: 232.2 MB.
System memory in use after: 232.5 MB.

Unloading 25 unused Assets to reduce memory usage. Loaded Objects now: 5561.
Total: 4.200500 ms (FindLiveObjects: 0.503000 ms CreateObjectMapping: 0.325400 ms MarkObjects: 3.179800 ms  DeleteObjects: 0.191200 ms)

AssetImportParameters requested are different than current active one (requested -> active):
  custom:framework-win-MediaFoundation: 216162199b28c13a410421893ffa2e32 -> 
  custom:video-decoder-ogg-theora: a1e56fd34408186e4bbccfd4996cb3dc -> 
  custom:container-muxer-webm: aa71ff27fc2769a1b78a27578f13a17b -> 
  custom:container-demuxer-webm: 4f35f7cbe854078d1ac9338744f61a02 -> 
  custom:container-demuxer-ogg: 62fdf1f143b41e24485cea50d1cbac27 -> 
  custom:video-encoder-webm-vp8: eb34c28f22e8b96e1ab97ce403110664 -> 
  custom:video-decoder-webm-vp8: 9c59270c3fd7afecdb556c50c9e8de78 -> 
  custom:audio-decoder-ogg-vorbis: bf7c407c2cedff20999df2af8eb42d56 -> 
  custom:audio-encoder-webm-vorbis: bf7c407c2cedff20999df2af8eb42d56 -> 
========================================================================
Received Import Request.
  Time since last request: 60.834854 seconds.
  path: Assets/Samples/SampleSceneAssets/Textures/DensityVolumeTextures/3d_fractal_noise_sample01.tga
  artifactKey: Guid(836429d92e1b49443b7743362fdeb1fe) Importer(815301076,1909f56bfc062723c751e8b465ee728b)
Start importing Assets/Samples/SampleSceneAssets/Textures/DensityVolumeTextures/3d_fractal_noise_sample01.tga using Guid(836429d92e1b49443b7743362fdeb1fe) Importer(815301076,1909f56bfc062723c751e8b465ee728b)  -> (artifact id: 'f2c784cd923cc4f9cb23080f9c86bebe') in 0.225658 seconds 
  Import took 0.237384 seconds .

========================================================================
Received Import Request.
  Time since last request: 0.000237 seconds.
  path: Assets/Prefabs/Player/3rd PersonCinemachine.prefab
  artifactKey: Guid(3aa2674b128b49b46a0ed0b5ee306550) Importer(815301076,1909f56bfc062723c751e8b465ee728b)
Start importing Assets/Prefabs/Player/3rd PersonCinemachine.prefab using Guid(3aa2674b128b49b46a0ed0b5ee306550) Importer(815301076,1909f56bfc062723c751e8b465ee728b)  -> (artifact id: '9fc5b0dcc3ab9a437ca259de068eef5a') in 0.049862 seconds 
  Import took 0.060994 seconds .

========================================================================
Received Import Request.
  Time since last request: 0.000263 seconds.
  path: Assets/Samples/SampleSceneAssets/Textures/DensityVolumeTextures/3d_fractal_noise_sample01.tga
  artifactKey: Guid(836429d92e1b49443b7743362fdeb1fe) Importer(815301076,1909f56bfc062723c751e8b465ee728b)
Start importing Assets/Samples/SampleSceneAssets/Textures/DensityVolumeTextures/3d_fractal_noise_sample01.tga using Guid(836429d92e1b49443b7743362fdeb1fe) Importer(815301076,1909f56bfc062723c751e8b465ee728b)  -> (artifact id: 'f2c784cd923cc4f9cb23080f9c86bebe') in 0.036643 seconds 
  Import took 0.049866 seconds .

========================================================================
Received Import Request.
  Time since last request: 0.000283 seconds.
  path: Assets/Samples/Cinemachine/2.6.11/Cinemachine Example Scenes/Shared/Models/UnityCharacter/Prefabs/3rdPersonController.prefab
  artifactKey: Guid(f9dee39d229a4bb4087224760ba2d338) Importer(815301076,1909f56bfc062723c751e8b465ee728b)
Start importing Assets/Samples/Cinemachine/2.6.11/Cinemachine Example Scenes/Shared/Models/UnityCharacter/Prefabs/3rdPersonController.prefab using Guid(f9dee39d229a4bb4087224760ba2d338) Importer(815301076,1909f56bfc062723c751e8b465ee728b)  -> (artifact id: '9a8765e45dfc85b5ba55c501e272775e') in 1.129314 seconds 
  Import took 1.143290 seconds .

========================================================================
Received Import Request.
  Time since last request: 0.000261 seconds.
  path: Assets/Player/3rd PersonCinemachine.prefab
  artifactKey: Guid(3fcfcfa3a5290024789320a0f462e424) Importer(815301076,1909f56bfc062723c751e8b465ee728b)
Start importing Assets/Player/3rd PersonCinemachine.prefab using Guid(3fcfcfa3a5290024789320a0f462e424) Importer(815301076,1909f56bfc062723c751e8b465ee728b)  -> (artifact id: '7adc3a452b2cb9cf7ede607ca9371e37') in 0.010710 seconds 
  Import took 0.021523 seconds .

========================================================================
Received Import Request.
  Time since last request: 0.000260 seconds.
  path: Assets/Samples/SampleSceneAssets/Particles/ButterFlies.vfx
  artifactKey: Guid(3ccc63e203e655541916b8baf4eba847) Importer(815301076,1909f56bfc062723c751e8b465ee728b)
Start importing Assets/Samples/SampleSceneAssets/Particles/ButterFlies.vfx using Guid(3ccc63e203e655541916b8baf4eba847) Importer(815301076,1909f56bfc062723c751e8b465ee728b)  -> (artifact id: '4175679e46e9d0e343c805b78ad24ab1') in 0.020933 seconds 
  Import took 0.035044 seconds .

========================================================================
Received Import Request.
  Time since last request: 133.789580 seconds.
  path: Assets/Scenes/Options.unity
  artifactKey: Guid(0adcad32737070c489caec2755f9fb97) Importer(815301076,1909f56bfc062723c751e8b465ee728b)
Start importing Assets/Scenes/Options.unity using Guid(0adcad32737070c489caec2755f9fb97) Importer(815301076,1909f56bfc062723c751e8b465ee728b)  -> (artifact id: 'b855ebe2563d0c00a4f72336901819b3') in 0.008079 seconds 
  Import took 0.020488 seconds .

========================================================================
Received Import Request.
  Time since last request: 0.005407 seconds.
  path: Assets/Scenes/Options.unity
  artifactKey: Guid(0adcad32737070c489caec2755f9fb97) Importer(815301076,1909f56bfc062723c751e8b465ee728b)
Start importing Assets/Scenes/Options.unity using Guid(0adcad32737070c489caec2755f9fb97) Importer(815301076,1909f56bfc062723c751e8b465ee728b)  -> (artifact id: 'b855ebe2563d0c00a4f72336901819b3') in 0.004161 seconds 
  Import took 0.013149 seconds .

========================================================================
Received Prepare
Registering precompiled user dll's ...
Registered in 0.005532 seconds.
Begin MonoManager ReloadAssembly
Native extension for WindowsStandalone target not found
Refreshing native plugins compatible for Editor in 1.25 ms, found 5 plugins.
Preloading 0 native plugins for Editor in 0.00 ms.
Mono: successfully reloaded assembly
- Completed reload, in  2.074 seconds
Domain Reload Profiling:
	ReloadAssembly (2074ms)
		BeginReloadAssembly (176ms)
			ExecutionOrderSort (0ms)
			DisableScriptedObjects (40ms)
			BackupInstance (0ms)
			ReleaseScriptingObjects (0ms)
			CreateAndSetChildDomain (54ms)
		EndReloadAssembly (1833ms)
			LoadAssemblies (102ms)
			RebuildTransferFunctionScriptingTraits (0ms)
			SetupTypeCache (443ms)
			ReleaseScriptCaches (4ms)
			RebuildScriptCaches (82ms)
			SetupLoadedEditorAssemblies (919ms)
				LogAssemblyErrors (0ms)
				InitializePlatformSupportModulesInManaged (4ms)
				SetLoadedEditorAssemblies (0ms)
				RefreshPlugins (1ms)
				BeforeProcessingInitializeOnLoad (133ms)
				ProcessInitializeOnLoadAttributes (765ms)
				ProcessInitializeOnLoadMethodAttributes (8ms)
				AfterProcessingInitializeOnLoad (6ms)
				EditorAssembliesLoaded (0ms)
			ExecutionOrderSort2 (0ms)
			AwakeInstancesAfterBackupRestoration (24ms)
Platform modules already initialized, skipping
Refreshing native plugins compatible for Editor in 0.99 ms, found 5 plugins.
Preloading 0 native plugins for Editor in 0.00 ms.
Unloading 4444 Unused Serialized files (Serialized files now loaded: 0)
System memory in use before: 232.9 MB.
System memory in use after: 233.2 MB.

Unloading 25 unused Assets to reduce memory usage. Loaded Objects now: 5669.
Total: 4.469800 ms (FindLiveObjects: 0.532400 ms CreateObjectMapping: 0.426200 ms MarkObjects: 3.296200 ms  DeleteObjects: 0.213700 ms)

AssetImportParameters requested are different than current active one (requested -> active):
  custom:framework-win-MediaFoundation: 216162199b28c13a410421893ffa2e32 -> 
  custom:video-decoder-ogg-theora: a1e56fd34408186e4bbccfd4996cb3dc -> 
  custom:container-muxer-webm: aa71ff27fc2769a1b78a27578f13a17b -> 
  custom:container-demuxer-webm: 4f35f7cbe854078d1ac9338744f61a02 -> 
  custom:container-demuxer-ogg: 62fdf1f143b41e24485cea50d1cbac27 -> 
  custom:video-encoder-webm-vp8: eb34c28f22e8b96e1ab97ce403110664 -> 
  custom:video-decoder-webm-vp8: 9c59270c3fd7afecdb556c50c9e8de78 -> 
  custom:audio-decoder-ogg-vorbis: bf7c407c2cedff20999df2af8eb42d56 -> 
  custom:audio-encoder-webm-vorbis: bf7c407c2cedff20999df2af8eb42d56 -> 
========================================================================
Received Prepare
Registering precompiled user dll's ...
Registered in 0.006023 seconds.
Begin MonoManager ReloadAssembly
Native extension for WindowsStandalone target not found
Refreshing native plugins compatible for Editor in 1.06 ms, found 5 plugins.
Preloading 0 native plugins for Editor in 0.00 ms.
Mono: successfully reloaded assembly
- Completed reload, in  2.057 seconds
Domain Reload Profiling:
	ReloadAssembly (2057ms)
		BeginReloadAssembly (139ms)
			ExecutionOrderSort (0ms)
			DisableScriptedObjects (8ms)
			BackupInstance (0ms)
			ReleaseScriptingObjects (0ms)
			CreateAndSetChildDomain (44ms)
		EndReloadAssembly (1853ms)
			LoadAssemblies (102ms)
			RebuildTransferFunctionScriptingTraits (0ms)
			SetupTypeCache (434ms)
			ReleaseScriptCaches (3ms)
			RebuildScriptCaches (86ms)
			SetupLoadedEditorAssemblies (940ms)
				LogAssemblyErrors (0ms)
				InitializePlatformSupportModulesInManaged (7ms)
				SetLoadedEditorAssemblies (0ms)
				RefreshPlugins (1ms)
				BeforeProcessingInitializeOnLoad (129ms)
				ProcessInitializeOnLoadAttributes (790ms)
				ProcessInitializeOnLoadMethodAttributes (6ms)
				AfterProcessingInitializeOnLoad (6ms)
				EditorAssembliesLoaded (0ms)
			ExecutionOrderSort2 (0ms)
			AwakeInstancesAfterBackupRestoration (25ms)
Platform modules already initialized, skipping
Refreshing native plugins compatible for Editor in 1.08 ms, found 5 plugins.
Preloading 0 native plugins for Editor in 0.00 ms.
Unloading 4444 Unused Serialized files (Serialized files now loaded: 0)
System memory in use before: 232.9 MB.
System memory in use after: 233.2 MB.

Unloading 25 unused Assets to reduce memory usage. Loaded Objects now: 5672.
Total: 8.662500 ms (FindLiveObjects: 0.740100 ms CreateObjectMapping: 0.900700 ms MarkObjects: 6.560600 ms  DeleteObjects: 0.459600 ms)

AssetImportParameters requested are different than current active one (requested -> active):
  custom:framework-win-MediaFoundation: 216162199b28c13a410421893ffa2e32 -> 
  custom:video-decoder-ogg-theora: a1e56fd34408186e4bbccfd4996cb3dc -> 
  custom:container-muxer-webm: aa71ff27fc2769a1b78a27578f13a17b -> 
  custom:container-demuxer-webm: 4f35f7cbe854078d1ac9338744f61a02 -> 
  custom:container-demuxer-ogg: 62fdf1f143b41e24485cea50d1cbac27 -> 
  custom:video-encoder-webm-vp8: eb34c28f22e8b96e1ab97ce403110664 -> 
  custom:video-decoder-webm-vp8: 9c59270c3fd7afecdb556c50c9e8de78 -> 
  custom:audio-decoder-ogg-vorbis: bf7c407c2cedff20999df2af8eb42d56 -> 
  custom:audio-encoder-webm-vorbis: bf7c407c2cedff20999df2af8eb42d56 -> 
========================================================================
Received Import Request.
  Time since last request: 239.996776 seconds.
  path: Assets/Scenes/Main Menu.unity
  artifactKey: Guid(5dcbdad74c7551b4ea4794846b2cc507) Importer(815301076,1909f56bfc062723c751e8b465ee728b)
Start importing Assets/Scenes/Main Menu.unity using Guid(5dcbdad74c7551b4ea4794846b2cc507) Importer(815301076,1909f56bfc062723c751e8b465ee728b)  -> (artifact id: '7c425d34227352a660593c07d991b208') in 0.023162 seconds 
  Import took 0.033952 seconds .

========================================================================
Received Prepare
Registering precompiled user dll's ...
Registered in 0.005945 seconds.
Begin MonoManager ReloadAssembly
Native extension for WindowsStandalone target not found
Refreshing native plugins compatible for Editor in 1.05 ms, found 5 plugins.
Preloading 0 native plugins for Editor in 0.00 ms.
Mono: successfully reloaded assembly
- Completed reload, in  1.957 seconds
Domain Reload Profiling:
	ReloadAssembly (1957ms)
		BeginReloadAssembly (142ms)
			ExecutionOrderSort (0ms)
			DisableScriptedObjects (7ms)
			BackupInstance (0ms)
			ReleaseScriptingObjects (0ms)
			CreateAndSetChildDomain (48ms)
		EndReloadAssembly (1738ms)
			LoadAssemblies (111ms)
			RebuildTransferFunctionScriptingTraits (0ms)
			SetupTypeCache (427ms)
			ReleaseScriptCaches (2ms)
			RebuildScriptCaches (89ms)
			SetupLoadedEditorAssemblies (847ms)
				LogAssemblyErrors (0ms)
				InitializePlatformSupportModulesInManaged (4ms)
				SetLoadedEditorAssemblies (1ms)
				RefreshPlugins (1ms)
				BeforeProcessingInitializeOnLoad (125ms)
				ProcessInitializeOnLoadAttributes (704ms)
				ProcessInitializeOnLoadMethodAttributes (7ms)
				AfterProcessingInitializeOnLoad (5ms)
				EditorAssembliesLoaded (0ms)
			ExecutionOrderSort2 (0ms)
			AwakeInstancesAfterBackupRestoration (23ms)
Platform modules already initialized, skipping
Refreshing native plugins compatible for Editor in 0.98 ms, found 5 plugins.
Preloading 0 native plugins for Editor in 0.00 ms.
Unloading 4444 Unused Serialized files (Serialized files now loaded: 0)
System memory in use before: 233.0 MB.
System memory in use after: 233.2 MB.

Unloading 25 unused Assets to reduce memory usage. Loaded Objects now: 5675.
Total: 5.216500 ms (FindLiveObjects: 0.980000 ms CreateObjectMapping: 0.516000 ms MarkObjects: 3.518000 ms  DeleteObjects: 0.200600 ms)

AssetImportParameters requested are different than current active one (requested -> active):
  custom:framework-win-MediaFoundation: 216162199b28c13a410421893ffa2e32 -> 
  custom:video-decoder-ogg-theora: a1e56fd34408186e4bbccfd4996cb3dc -> 
  custom:container-muxer-webm: aa71ff27fc2769a1b78a27578f13a17b -> 
  custom:container-demuxer-webm: 4f35f7cbe854078d1ac9338744f61a02 -> 
  custom:container-demuxer-ogg: 62fdf1f143b41e24485cea50d1cbac27 -> 
  custom:video-encoder-webm-vp8: eb34c28f22e8b96e1ab97ce403110664 -> 
  custom:video-decoder-webm-vp8: 9c59270c3fd7afecdb556c50c9e8de78 -> 
  custom:audio-decoder-ogg-vorbis: bf7c407c2cedff20999df2af8eb42d56 -> 
  custom:audio-encoder-webm-vorbis: bf7c407c2cedff20999df2af8eb42d56 -> 
========================================================================
Received Import Request.
  Time since last request: 373.609908 seconds.
  path: Assets/Cinematica Deimos.mp4
  artifactKey: Guid(50f18f14b6184b547820397e3bdf9b5d) Importer(815301076,1909f56bfc062723c751e8b465ee728b)
Start importing Assets/Cinematica Deimos.mp4 using Guid(50f18f14b6184b547820397e3bdf9b5d) Importer(815301076,1909f56bfc062723c751e8b465ee728b)  -> (artifact id: 'a51d73698cd838c5192221099aeb677a') in 0.029452 seconds 
  Import took 0.039044 seconds .

========================================================================
Received Import Request.
  Time since last request: 41.905717 seconds.
  path: Assets/Cinematica Deimos.mp4
  artifactKey: Guid(50f18f14b6184b547820397e3bdf9b5d) Importer(815301076,1909f56bfc062723c751e8b465ee728b)
Start importing Assets/Cinematica Deimos.mp4 using Guid(50f18f14b6184b547820397e3bdf9b5d) Importer(815301076,1909f56bfc062723c751e8b465ee728b)  -> (artifact id: 'dd5decfa1fa6256c081e33018ca839a5') in 0.005013 seconds 
  Import took 0.027536 seconds .

========================================================================
Received Import Request.
  Time since last request: 0.472270 seconds.
  path: Assets/Cinematica Deimos.mp4
  artifactKey: Guid(50f18f14b6184b547820397e3bdf9b5d) Importer(815301076,1909f56bfc062723c751e8b465ee728b)
Start importing Assets/Cinematica Deimos.mp4 using Guid(50f18f14b6184b547820397e3bdf9b5d) Importer(815301076,1909f56bfc062723c751e8b465ee728b)  -> (artifact id: 'dd5decfa1fa6256c081e33018ca839a5') in 0.003293 seconds 
  Import took 0.011606 seconds .

