Using pre-set license
Built from '2020.3/staging' branch; Version is '2020.3.14f1 (d0d1bb862f9d) revision 13685179'; Using compiler version '192528614'; Build Type 'Release'
OS: 'Windows 10 Pro; OS build 19044.1645; Version 2009; 64bit' Language: 'es' Physical Memory: 16333 MB
BatchMode: 1, IsHumanControllingUs: 0, StartBugReporterOnCrash: 0, Is64bit: 1, IsPro: 0

 COMMAND LINE ARGUMENTS:
H:\Unity\2020.3.14f1\Editor\Unity.exe
-adb2
-batchMode
-noUpm
-name
AssetImportWorker0
-projectPath
H:/deimosHDRP
-logFile
Logs/AssetImportWorker0.log
-srvPort
59789
Successfully changed project path to: H:/deimosHDRP
H:/deimosHDRP
Using Asset Import Pipeline V2.
Refreshing native plugins compatible for Editor in 90.24 ms, found 5 plugins.
Preloading 0 native plugins for Editor in 0.00 ms.
Initialize engine version: 2020.3.14f1 (d0d1bb862f9d)
[Subsystems] Discovering subsystems at path H:/Unity/2020.3.14f1/Editor/Data/Resources/UnitySubsystems
[Subsystems] Discovering subsystems at path H:/deimosHDRP/Assets
GfxDevice: creating device client; threaded=0
Direct3D:
    Version:  Direct3D 11.0 [level 11.1]
    Renderer: NVIDIA GeForce GTX 1660 Ti (ID=0x2182)
    Vendor:   
    VRAM:     5991 MB
    Driver:   30.0.15.1215
Initialize mono
Mono path[0] = 'H:/Unity/2020.3.14f1/Editor/Data/Managed'
Mono path[1] = 'H:/Unity/2020.3.14f1/Editor/Data/MonoBleedingEdge/lib/mono/unityjit'
Mono config path = 'H:/Unity/2020.3.14f1/Editor/Data/MonoBleedingEdge/etc'
Using monoOptions --debugger-agent=transport=dt_socket,embedding=1,server=y,suspend=n,address=127.0.0.1:56808
Begin MonoManager ReloadAssembly
Registering precompiled unity dll's ...
Register platform support module: H:/Unity/2020.3.14f1/Editor/Data/PlaybackEngines/WindowsStandaloneSupport/UnityEditor.WindowsStandalone.Extensions.dll
Registered in 0.000919 seconds.
Native extension for WindowsStandalone target not found
Refreshing native plugins compatible for Editor in 107.43 ms, found 5 plugins.
Preloading 0 native plugins for Editor in 0.00 ms.
Mono: successfully reloaded assembly
- Completed reload, in  1.255 seconds
Domain Reload Profiling:
	ReloadAssembly (1255ms)
		BeginReloadAssembly (40ms)
			ExecutionOrderSort (0ms)
			DisableScriptedObjects (0ms)
			BackupInstance (0ms)
			ReleaseScriptingObjects (0ms)
			CreateAndSetChildDomain (1ms)
		EndReloadAssembly (404ms)
			LoadAssemblies (39ms)
			RebuildTransferFunctionScriptingTraits (0ms)
			SetupTypeCache (121ms)
			ReleaseScriptCaches (0ms)
			RebuildScriptCaches (24ms)
			SetupLoadedEditorAssemblies (210ms)
				LogAssemblyErrors (0ms)
				InitializePlatformSupportModulesInManaged (3ms)
				SetLoadedEditorAssemblies (0ms)
				RefreshPlugins (108ms)
				BeforeProcessingInitializeOnLoad (6ms)
				ProcessInitializeOnLoadAttributes (68ms)
				ProcessInitializeOnLoadMethodAttributes (25ms)
				AfterProcessingInitializeOnLoad (0ms)
				EditorAssembliesLoaded (0ms)
			ExecutionOrderSort2 (0ms)
			AwakeInstancesAfterBackupRestoration (0ms)
Platform modules already initialized, skipping
Registering precompiled user dll's ...
Registered in 0.004123 seconds.
Begin MonoManager ReloadAssembly
Native extension for WindowsStandalone target not found
Refreshing native plugins compatible for Editor in 96.08 ms, found 5 plugins.
Preloading 0 native plugins for Editor in 0.00 ms.
Mono: successfully reloaded assembly
- Completed reload, in  1.626 seconds
Domain Reload Profiling:
	ReloadAssembly (1627ms)
		BeginReloadAssembly (125ms)
			ExecutionOrderSort (0ms)
			DisableScriptedObjects (4ms)
			BackupInstance (0ms)
			ReleaseScriptingObjects (0ms)
			CreateAndSetChildDomain (18ms)
		EndReloadAssembly (1448ms)
			LoadAssemblies (80ms)
			RebuildTransferFunctionScriptingTraits (0ms)
			SetupTypeCache (317ms)
			ReleaseScriptCaches (1ms)
			RebuildScriptCaches (77ms)
			SetupLoadedEditorAssemblies (880ms)
				LogAssemblyErrors (0ms)
				InitializePlatformSupportModulesInManaged (3ms)
				SetLoadedEditorAssemblies (0ms)
				RefreshPlugins (96ms)
				BeforeProcessingInitializeOnLoad (77ms)
				ProcessInitializeOnLoadAttributes (586ms)
				ProcessInitializeOnLoadMethodAttributes (115ms)
				AfterProcessingInitializeOnLoad (2ms)
				EditorAssembliesLoaded (0ms)
			ExecutionOrderSort2 (0ms)
			AwakeInstancesAfterBackupRestoration (6ms)
Platform modules already initialized, skipping
========================================================================
Worker process is ready to serve import requests
Launched and connected shader compiler UnityShaderCompiler.exe after 0.04 seconds
Refreshing native plugins compatible for Editor in 1.28 ms, found 5 plugins.
Preloading 0 native plugins for Editor in 0.00 ms.
Unloading 4833 Unused Serialized files (Serialized files now loaded: 0)
System memory in use before: 241.8 MB.
System memory in use after: 241.9 MB.

Unloading 42 unused Assets to reduce memory usage. Loaded Objects now: 5313.
Total: 3.492700 ms (FindLiveObjects: 0.441400 ms CreateObjectMapping: 0.113200 ms MarkObjects: 2.761200 ms  DeleteObjects: 0.175900 ms)

AssetImportParameters requested are different than current active one (requested -> active):
  custom:framework-win-MediaFoundation: 216162199b28c13a410421893ffa2e32 -> 
  custom:video-decoder-ogg-theora: a1e56fd34408186e4bbccfd4996cb3dc -> 
  custom:container-muxer-webm: aa71ff27fc2769a1b78a27578f13a17b -> 
  custom:container-demuxer-webm: 4f35f7cbe854078d1ac9338744f61a02 -> 
  custom:container-demuxer-ogg: 62fdf1f143b41e24485cea50d1cbac27 -> 
  custom:video-encoder-webm-vp8: eb34c28f22e8b96e1ab97ce403110664 -> 
  custom:video-decoder-webm-vp8: 9c59270c3fd7afecdb556c50c9e8de78 -> 
  custom:audio-decoder-ogg-vorbis: bf7c407c2cedff20999df2af8eb42d56 -> 
  custom:audio-encoder-webm-vorbis: bf7c407c2cedff20999df2af8eb42d56 -> 
========================================================================
Received Import Request.
  path: Assets/Scenes/Torreta/Turret.unity
  artifactKey: Guid(da359dbbef6b0b94f83f4c2504252bde) Importer(815301076,1909f56bfc062723c751e8b465ee728b)
Start importing Assets/Scenes/Torreta/Turret.unity using Guid(da359dbbef6b0b94f83f4c2504252bde) Importer(815301076,1909f56bfc062723c751e8b465ee728b)  -> (artifact id: '4566ea5c6e08bef3686302f699ed8523') in 0.018912 seconds 
  Import took 0.025833 seconds .

========================================================================
Received Prepare
Registering precompiled user dll's ...
Registered in 0.003495 seconds.
Begin MonoManager ReloadAssembly
Native extension for WindowsStandalone target not found
Refreshing native plugins compatible for Editor in 1.08 ms, found 5 plugins.
Preloading 0 native plugins for Editor in 0.00 ms.
Mono: successfully reloaded assembly
- Completed reload, in  1.396 seconds
Domain Reload Profiling:
	ReloadAssembly (1397ms)
		BeginReloadAssembly (116ms)
			ExecutionOrderSort (0ms)
			DisableScriptedObjects (4ms)
			BackupInstance (0ms)
			ReleaseScriptingObjects (0ms)
			CreateAndSetChildDomain (41ms)
		EndReloadAssembly (1231ms)
			LoadAssemblies (71ms)
			RebuildTransferFunctionScriptingTraits (0ms)
			SetupTypeCache (308ms)
			ReleaseScriptCaches (2ms)
			RebuildScriptCaches (65ms)
			SetupLoadedEditorAssemblies (639ms)
				LogAssemblyErrors (0ms)
				InitializePlatformSupportModulesInManaged (3ms)
				SetLoadedEditorAssemblies (0ms)
				RefreshPlugins (1ms)
				BeforeProcessingInitializeOnLoad (62ms)
				ProcessInitializeOnLoadAttributes (565ms)
				ProcessInitializeOnLoadMethodAttributes (5ms)
				AfterProcessingInitializeOnLoad (2ms)
				EditorAssembliesLoaded (0ms)
			ExecutionOrderSort2 (0ms)
			AwakeInstancesAfterBackupRestoration (13ms)
Platform modules already initialized, skipping
Refreshing native plugins compatible for Editor in 1.10 ms, found 5 plugins.
Preloading 0 native plugins for Editor in 0.00 ms.
Unloading 4459 Unused Serialized files (Serialized files now loaded: 0)
System memory in use before: 218.4 MB.
System memory in use after: 218.5 MB.

Unloading 25 unused Assets to reduce memory usage. Loaded Objects now: 5316.
Total: 3.778100 ms (FindLiveObjects: 0.433100 ms CreateObjectMapping: 0.117800 ms MarkObjects: 3.067600 ms  DeleteObjects: 0.157900 ms)

AssetImportParameters requested are different than current active one (requested -> active):
  custom:framework-win-MediaFoundation: 216162199b28c13a410421893ffa2e32 -> 
  custom:video-decoder-ogg-theora: a1e56fd34408186e4bbccfd4996cb3dc -> 
  custom:container-muxer-webm: aa71ff27fc2769a1b78a27578f13a17b -> 
  custom:container-demuxer-webm: 4f35f7cbe854078d1ac9338744f61a02 -> 
  custom:container-demuxer-ogg: 62fdf1f143b41e24485cea50d1cbac27 -> 
  custom:video-encoder-webm-vp8: eb34c28f22e8b96e1ab97ce403110664 -> 
  custom:video-decoder-webm-vp8: 9c59270c3fd7afecdb556c50c9e8de78 -> 
  custom:audio-decoder-ogg-vorbis: bf7c407c2cedff20999df2af8eb42d56 -> 
  custom:audio-encoder-webm-vorbis: bf7c407c2cedff20999df2af8eb42d56 -> 
========================================================================
Received Import Request.
  Time since last request: 3686.664525 seconds.
  path: Assets/Scenes/Torreta/Scripts/AimRotation.cs
  artifactKey: Guid(466c2eb5ae4a295499d626a6c84fbddf) Importer(815301076,1909f56bfc062723c751e8b465ee728b)
Start importing Assets/Scenes/Torreta/Scripts/AimRotation.cs using Guid(466c2eb5ae4a295499d626a6c84fbddf) Importer(815301076,1909f56bfc062723c751e8b465ee728b)  -> (artifact id: 'ffa074f2cfcd9842b405f70623974d73') in 0.041034 seconds 
  Import took 0.049032 seconds .

========================================================================
Received Import Request.
  Time since last request: 65.188174 seconds.
  path: Assets/Scenes/Torreta/Scripts/FireBullet.cs
  artifactKey: Guid(8948915e8ea837d44a55ebde048887c1) Importer(815301076,1909f56bfc062723c751e8b465ee728b)
Start importing Assets/Scenes/Torreta/Scripts/FireBullet.cs using Guid(8948915e8ea837d44a55ebde048887c1) Importer(815301076,1909f56bfc062723c751e8b465ee728b)  -> (artifact id: '5ee8ca0886dbdd94fa64e97e9b8052b2') in 0.006369 seconds 
  Import took 0.013915 seconds .

========================================================================
Received Import Request.
  Time since last request: 0.012253 seconds.
  path: Assets/Scenes/Torreta/Scripts/FireBullet.cs
  artifactKey: Guid(8948915e8ea837d44a55ebde048887c1) Importer(815301076,1909f56bfc062723c751e8b465ee728b)
Start importing Assets/Scenes/Torreta/Scripts/FireBullet.cs using Guid(8948915e8ea837d44a55ebde048887c1) Importer(815301076,1909f56bfc062723c751e8b465ee728b)  -> (artifact id: '5ee8ca0886dbdd94fa64e97e9b8052b2') in 0.003230 seconds 
  Import took 0.010513 seconds .

========================================================================
Received Import Request.
  Time since last request: 402.531918 seconds.
  path: Assets/Scripts/BulletController.cs
  artifactKey: Guid(7853d4bded856e14fa85b327d1c7fa08) Importer(815301076,1909f56bfc062723c751e8b465ee728b)
Start importing Assets/Scripts/BulletController.cs using Guid(7853d4bded856e14fa85b327d1c7fa08) Importer(815301076,1909f56bfc062723c751e8b465ee728b)  -> (artifact id: '7afb92ad1e1a78ea0eb5d2c7b7b95db1') in 0.006649 seconds 
  Import took 0.014127 seconds .

========================================================================
Received Import Request.
  Time since last request: 0.001120 seconds.
  path: Assets/Scripts/BulletController.cs
  artifactKey: Guid(7853d4bded856e14fa85b327d1c7fa08) Importer(815301076,1909f56bfc062723c751e8b465ee728b)
Start importing Assets/Scripts/BulletController.cs using Guid(7853d4bded856e14fa85b327d1c7fa08) Importer(815301076,1909f56bfc062723c751e8b465ee728b)  -> (artifact id: '7afb92ad1e1a78ea0eb5d2c7b7b95db1') in 0.002781 seconds 
  Import took 0.010151 seconds .

========================================================================
Received Import Request.
  Time since last request: 33.309663 seconds.
  path: Assets/Scenes/Torreta/Scripts/TurretBullet.cs
  artifactKey: Guid(0a31a2324fb706c438b9eac79395eb02) Importer(815301076,1909f56bfc062723c751e8b465ee728b)
Start importing Assets/Scenes/Torreta/Scripts/TurretBullet.cs using Guid(0a31a2324fb706c438b9eac79395eb02) Importer(815301076,1909f56bfc062723c751e8b465ee728b)  -> (artifact id: '7be941a09febb9dae15a618bb2876bd9') in 0.007267 seconds 
  Import took 0.016010 seconds .

========================================================================
Received Import Request.
  Time since last request: 0.006489 seconds.
  path: Assets/Scenes/Torreta/Scripts/TurretBullet.cs
  artifactKey: Guid(0a31a2324fb706c438b9eac79395eb02) Importer(815301076,1909f56bfc062723c751e8b465ee728b)
Start importing Assets/Scenes/Torreta/Scripts/TurretBullet.cs using Guid(0a31a2324fb706c438b9eac79395eb02) Importer(815301076,1909f56bfc062723c751e8b465ee728b)  -> (artifact id: '7be941a09febb9dae15a618bb2876bd9') in 0.001677 seconds 
  Import took 0.009610 seconds .

========================================================================
Received Prepare
Registering precompiled user dll's ...
Registered in 0.003389 seconds.
Begin MonoManager ReloadAssembly
Native extension for WindowsStandalone target not found
Refreshing native plugins compatible for Editor in 1.04 ms, found 5 plugins.
Preloading 0 native plugins for Editor in 0.00 ms.
Mono: successfully reloaded assembly
- Completed reload, in  1.442 seconds
Domain Reload Profiling:
	ReloadAssembly (1442ms)
		BeginReloadAssembly (112ms)
			ExecutionOrderSort (0ms)
			DisableScriptedObjects (4ms)
			BackupInstance (0ms)
			ReleaseScriptingObjects (0ms)
			CreateAndSetChildDomain (38ms)
		EndReloadAssembly (1274ms)
			LoadAssemblies (73ms)
			RebuildTransferFunctionScriptingTraits (0ms)
			SetupTypeCache (326ms)
			ReleaseScriptCaches (2ms)
			RebuildScriptCaches (69ms)
			SetupLoadedEditorAssemblies (651ms)
				LogAssemblyErrors (0ms)
				InitializePlatformSupportModulesInManaged (3ms)
				SetLoadedEditorAssemblies (0ms)
				RefreshPlugins (1ms)
				BeforeProcessingInitializeOnLoad (63ms)
				ProcessInitializeOnLoadAttributes (576ms)
				ProcessInitializeOnLoadMethodAttributes (5ms)
				AfterProcessingInitializeOnLoad (2ms)
				EditorAssembliesLoaded (0ms)
			ExecutionOrderSort2 (0ms)
			AwakeInstancesAfterBackupRestoration (13ms)
Platform modules already initialized, skipping
Refreshing native plugins compatible for Editor in 1.07 ms, found 5 plugins.
Preloading 0 native plugins for Editor in 0.00 ms.
Unloading 4460 Unused Serialized files (Serialized files now loaded: 0)
System memory in use before: 218.5 MB.
System memory in use after: 218.6 MB.

Unloading 25 unused Assets to reduce memory usage. Loaded Objects now: 5320.
Total: 3.124500 ms (FindLiveObjects: 0.426900 ms CreateObjectMapping: 0.112800 ms MarkObjects: 2.434700 ms  DeleteObjects: 0.148800 ms)

AssetImportParameters requested are different than current active one (requested -> active):
  custom:framework-win-MediaFoundation: 216162199b28c13a410421893ffa2e32 -> 
  custom:video-decoder-ogg-theora: a1e56fd34408186e4bbccfd4996cb3dc -> 
  custom:container-muxer-webm: aa71ff27fc2769a1b78a27578f13a17b -> 
  custom:container-demuxer-webm: 4f35f7cbe854078d1ac9338744f61a02 -> 
  custom:container-demuxer-ogg: 62fdf1f143b41e24485cea50d1cbac27 -> 
  custom:video-encoder-webm-vp8: eb34c28f22e8b96e1ab97ce403110664 -> 
  custom:video-decoder-webm-vp8: 9c59270c3fd7afecdb556c50c9e8de78 -> 
  custom:audio-decoder-ogg-vorbis: bf7c407c2cedff20999df2af8eb42d56 -> 
  custom:audio-encoder-webm-vorbis: bf7c407c2cedff20999df2af8eb42d56 -> 
========================================================================
Received Import Request.
  Time since last request: 14.163273 seconds.
  path: Assets/Scenes/Torreta/Scripts/TurretBulletController.cs
  artifactKey: Guid(0a31a2324fb706c438b9eac79395eb02) Importer(815301076,1909f56bfc062723c751e8b465ee728b)
Start importing Assets/Scenes/Torreta/Scripts/TurretBulletController.cs using Guid(0a31a2324fb706c438b9eac79395eb02) Importer(815301076,1909f56bfc062723c751e8b465ee728b)  -> (artifact id: '4754b22ac6d07bf1821e2f036ba317c4') in 0.012691 seconds 
  Import took 0.019900 seconds .

========================================================================
Received Prepare
Registering precompiled user dll's ...
Registered in 0.003322 seconds.
Begin MonoManager ReloadAssembly
Native extension for WindowsStandalone target not found
Refreshing native plugins compatible for Editor in 1.13 ms, found 5 plugins.
Preloading 0 native plugins for Editor in 0.00 ms.
Mono: successfully reloaded assembly
- Completed reload, in  1.409 seconds
Domain Reload Profiling:
	ReloadAssembly (1409ms)
		BeginReloadAssembly (116ms)
			ExecutionOrderSort (0ms)
			DisableScriptedObjects (4ms)
			BackupInstance (0ms)
			ReleaseScriptingObjects (0ms)
			CreateAndSetChildDomain (39ms)
		EndReloadAssembly (1244ms)
			LoadAssemblies (68ms)
			RebuildTransferFunctionScriptingTraits (0ms)
			SetupTypeCache (335ms)
			ReleaseScriptCaches (2ms)
			RebuildScriptCaches (63ms)
			SetupLoadedEditorAssemblies (630ms)
				LogAssemblyErrors (0ms)
				InitializePlatformSupportModulesInManaged (4ms)
				SetLoadedEditorAssemblies (1ms)
				RefreshPlugins (1ms)
				BeforeProcessingInitializeOnLoad (62ms)
				ProcessInitializeOnLoadAttributes (556ms)
				ProcessInitializeOnLoadMethodAttributes (5ms)
				AfterProcessingInitializeOnLoad (2ms)
				EditorAssembliesLoaded (0ms)
			ExecutionOrderSort2 (0ms)
			AwakeInstancesAfterBackupRestoration (13ms)
Platform modules already initialized, skipping
Refreshing native plugins compatible for Editor in 1.70 ms, found 5 plugins.
Preloading 0 native plugins for Editor in 0.00 ms.
Unloading 4460 Unused Serialized files (Serialized files now loaded: 0)
System memory in use before: 218.6 MB.
System memory in use after: 218.7 MB.

Unloading 25 unused Assets to reduce memory usage. Loaded Objects now: 5323.
Total: 4.337100 ms (FindLiveObjects: 0.894900 ms CreateObjectMapping: 0.174900 ms MarkObjects: 3.070600 ms  DeleteObjects: 0.194600 ms)

AssetImportParameters requested are different than current active one (requested -> active):
  custom:framework-win-MediaFoundation: 216162199b28c13a410421893ffa2e32 -> 
  custom:video-decoder-ogg-theora: a1e56fd34408186e4bbccfd4996cb3dc -> 
  custom:container-muxer-webm: aa71ff27fc2769a1b78a27578f13a17b -> 
  custom:container-demuxer-webm: 4f35f7cbe854078d1ac9338744f61a02 -> 
  custom:container-demuxer-ogg: 62fdf1f143b41e24485cea50d1cbac27 -> 
  custom:video-encoder-webm-vp8: eb34c28f22e8b96e1ab97ce403110664 -> 
  custom:video-decoder-webm-vp8: 9c59270c3fd7afecdb556c50c9e8de78 -> 
  custom:audio-decoder-ogg-vorbis: bf7c407c2cedff20999df2af8eb42d56 -> 
  custom:audio-encoder-webm-vorbis: bf7c407c2cedff20999df2af8eb42d56 -> 
========================================================================
Received Prepare
Registering precompiled user dll's ...
Registered in 0.004800 seconds.
Begin MonoManager ReloadAssembly
Native extension for WindowsStandalone target not found
Refreshing native plugins compatible for Editor in 1.10 ms, found 5 plugins.
Preloading 0 native plugins for Editor in 0.00 ms.
Mono: successfully reloaded assembly
- Completed reload, in  1.457 seconds
Domain Reload Profiling:
	ReloadAssembly (1457ms)
		BeginReloadAssembly (126ms)
			ExecutionOrderSort (0ms)
			DisableScriptedObjects (4ms)
			BackupInstance (0ms)
			ReleaseScriptingObjects (0ms)
			CreateAndSetChildDomain (53ms)
		EndReloadAssembly (1282ms)
			LoadAssemblies (80ms)
			RebuildTransferFunctionScriptingTraits (0ms)
			SetupTypeCache (328ms)
			ReleaseScriptCaches (2ms)
			RebuildScriptCaches (67ms)
			SetupLoadedEditorAssemblies (656ms)
				LogAssemblyErrors (0ms)
				InitializePlatformSupportModulesInManaged (3ms)
				SetLoadedEditorAssemblies (0ms)
				RefreshPlugins (1ms)
				BeforeProcessingInitializeOnLoad (66ms)
				ProcessInitializeOnLoadAttributes (579ms)
				ProcessInitializeOnLoadMethodAttributes (5ms)
				AfterProcessingInitializeOnLoad (2ms)
				EditorAssembliesLoaded (0ms)
			ExecutionOrderSort2 (0ms)
			AwakeInstancesAfterBackupRestoration (13ms)
Platform modules already initialized, skipping
Refreshing native plugins compatible for Editor in 1.16 ms, found 5 plugins.
Preloading 0 native plugins for Editor in 0.00 ms.
Unloading 4461 Unused Serialized files (Serialized files now loaded: 0)
System memory in use before: 218.6 MB.
System memory in use after: 218.7 MB.

Unloading 25 unused Assets to reduce memory usage. Loaded Objects now: 5327.
Total: 4.043400 ms (FindLiveObjects: 0.764900 ms CreateObjectMapping: 0.160000 ms MarkObjects: 2.945000 ms  DeleteObjects: 0.171600 ms)

AssetImportParameters requested are different than current active one (requested -> active):
  custom:framework-win-MediaFoundation: 216162199b28c13a410421893ffa2e32 -> 
  custom:video-decoder-ogg-theora: a1e56fd34408186e4bbccfd4996cb3dc -> 
  custom:container-muxer-webm: aa71ff27fc2769a1b78a27578f13a17b -> 
  custom:container-demuxer-webm: 4f35f7cbe854078d1ac9338744f61a02 -> 
  custom:container-demuxer-ogg: 62fdf1f143b41e24485cea50d1cbac27 -> 
  custom:video-encoder-webm-vp8: eb34c28f22e8b96e1ab97ce403110664 -> 
  custom:video-decoder-webm-vp8: 9c59270c3fd7afecdb556c50c9e8de78 -> 
  custom:audio-decoder-ogg-vorbis: bf7c407c2cedff20999df2af8eb42d56 -> 
  custom:audio-encoder-webm-vorbis: bf7c407c2cedff20999df2af8eb42d56 -> 
========================================================================
Received Import Request.
  Time since last request: 13.528108 seconds.
  path: Assets/Scenes/Torreta/Scripts/TurretBullet.cs
  artifactKey: Guid(c323ba7b08e3fed49a225a6385e45b48) Importer(815301076,1909f56bfc062723c751e8b465ee728b)
Start importing Assets/Scenes/Torreta/Scripts/TurretBullet.cs using Guid(c323ba7b08e3fed49a225a6385e45b48) Importer(815301076,1909f56bfc062723c751e8b465ee728b)  -> (artifact id: 'e066333f4ae0202a4529a46fb1df8f5e') in 0.009724 seconds 
  Import took 0.016435 seconds .

========================================================================
Received Prepare
Registering precompiled user dll's ...
Registered in 0.003330 seconds.
Begin MonoManager ReloadAssembly
Native extension for WindowsStandalone target not found
Refreshing native plugins compatible for Editor in 1.06 ms, found 5 plugins.
Preloading 0 native plugins for Editor in 0.00 ms.
Mono: successfully reloaded assembly
- Completed reload, in  1.447 seconds
Domain Reload Profiling:
	ReloadAssembly (1447ms)
		BeginReloadAssembly (120ms)
			ExecutionOrderSort (0ms)
			DisableScriptedObjects (4ms)
			BackupInstance (0ms)
			ReleaseScriptingObjects (0ms)
			CreateAndSetChildDomain (49ms)
		EndReloadAssembly (1277ms)
			LoadAssemblies (71ms)
			RebuildTransferFunctionScriptingTraits (0ms)
			SetupTypeCache (331ms)
			ReleaseScriptCaches (2ms)
			RebuildScriptCaches (65ms)
			SetupLoadedEditorAssemblies (659ms)
				LogAssemblyErrors (0ms)
				InitializePlatformSupportModulesInManaged (3ms)
				SetLoadedEditorAssemblies (0ms)
				RefreshPlugins (1ms)
				BeforeProcessingInitializeOnLoad (66ms)
				ProcessInitializeOnLoadAttributes (581ms)
				ProcessInitializeOnLoadMethodAttributes (5ms)
				AfterProcessingInitializeOnLoad (2ms)
				EditorAssembliesLoaded (0ms)
			ExecutionOrderSort2 (0ms)
			AwakeInstancesAfterBackupRestoration (13ms)
Platform modules already initialized, skipping
Refreshing native plugins compatible for Editor in 1.20 ms, found 5 plugins.
Preloading 0 native plugins for Editor in 0.00 ms.
Unloading 4460 Unused Serialized files (Serialized files now loaded: 0)
System memory in use before: 218.5 MB.
System memory in use after: 218.5 MB.

Unloading 26 unused Assets to reduce memory usage. Loaded Objects now: 5329.
Total: 3.552300 ms (FindLiveObjects: 0.422200 ms CreateObjectMapping: 0.114100 ms MarkObjects: 2.753600 ms  DeleteObjects: 0.261300 ms)

AssetImportParameters requested are different than current active one (requested -> active):
  custom:framework-win-MediaFoundation: 216162199b28c13a410421893ffa2e32 -> 
  custom:video-decoder-ogg-theora: a1e56fd34408186e4bbccfd4996cb3dc -> 
  custom:container-muxer-webm: aa71ff27fc2769a1b78a27578f13a17b -> 
  custom:container-demuxer-webm: 4f35f7cbe854078d1ac9338744f61a02 -> 
  custom:container-demuxer-ogg: 62fdf1f143b41e24485cea50d1cbac27 -> 
  custom:video-encoder-webm-vp8: eb34c28f22e8b96e1ab97ce403110664 -> 
  custom:video-decoder-webm-vp8: 9c59270c3fd7afecdb556c50c9e8de78 -> 
  custom:audio-decoder-ogg-vorbis: bf7c407c2cedff20999df2af8eb42d56 -> 
  custom:audio-encoder-webm-vorbis: bf7c407c2cedff20999df2af8eb42d56 -> 
========================================================================
Received Prepare
Registering precompiled user dll's ...
Registered in 0.003567 seconds.
Begin MonoManager ReloadAssembly
Native extension for WindowsStandalone target not found
Refreshing native plugins compatible for Editor in 1.06 ms, found 5 plugins.
Preloading 0 native plugins for Editor in 0.00 ms.
Mono: successfully reloaded assembly
- Completed reload, in  1.426 seconds
Domain Reload Profiling:
	ReloadAssembly (1426ms)
		BeginReloadAssembly (113ms)
			ExecutionOrderSort (0ms)
			DisableScriptedObjects (4ms)
			BackupInstance (0ms)
			ReleaseScriptingObjects (0ms)
			CreateAndSetChildDomain (47ms)
		EndReloadAssembly (1264ms)
			LoadAssemblies (72ms)
			RebuildTransferFunctionScriptingTraits (0ms)
			SetupTypeCache (331ms)
			ReleaseScriptCaches (2ms)
			RebuildScriptCaches (65ms)
			SetupLoadedEditorAssemblies (641ms)
				LogAssemblyErrors (0ms)
				InitializePlatformSupportModulesInManaged (3ms)
				SetLoadedEditorAssemblies (0ms)
				RefreshPlugins (1ms)
				BeforeProcessingInitializeOnLoad (61ms)
				ProcessInitializeOnLoadAttributes (568ms)
				ProcessInitializeOnLoadMethodAttributes (5ms)
				AfterProcessingInitializeOnLoad (2ms)
				EditorAssembliesLoaded (0ms)
			ExecutionOrderSort2 (0ms)
			AwakeInstancesAfterBackupRestoration (14ms)
Platform modules already initialized, skipping
Refreshing native plugins compatible for Editor in 1.25 ms, found 5 plugins.
Preloading 0 native plugins for Editor in 0.00 ms.
Unloading 4459 Unused Serialized files (Serialized files now loaded: 0)
System memory in use before: 218.7 MB.
System memory in use after: 218.7 MB.

Unloading 26 unused Assets to reduce memory usage. Loaded Objects now: 5331.
Total: 3.661400 ms (FindLiveObjects: 0.421500 ms CreateObjectMapping: 0.110200 ms MarkObjects: 2.925900 ms  DeleteObjects: 0.202100 ms)

AssetImportParameters requested are different than current active one (requested -> active):
  custom:framework-win-MediaFoundation: 216162199b28c13a410421893ffa2e32 -> 
  custom:video-decoder-ogg-theora: a1e56fd34408186e4bbccfd4996cb3dc -> 
  custom:container-muxer-webm: aa71ff27fc2769a1b78a27578f13a17b -> 
  custom:container-demuxer-webm: 4f35f7cbe854078d1ac9338744f61a02 -> 
  custom:container-demuxer-ogg: 62fdf1f143b41e24485cea50d1cbac27 -> 
  custom:video-encoder-webm-vp8: eb34c28f22e8b96e1ab97ce403110664 -> 
  custom:video-decoder-webm-vp8: 9c59270c3fd7afecdb556c50c9e8de78 -> 
  custom:audio-decoder-ogg-vorbis: bf7c407c2cedff20999df2af8eb42d56 -> 
  custom:audio-encoder-webm-vorbis: bf7c407c2cedff20999df2af8eb42d56 -> 
========================================================================
Received Import Request.
  Time since last request: 1279.787616 seconds.
  path: Assets/Prefabs/Player/Bullet 1.prefab
  artifactKey: Guid(4415af4091c8cfa428ed3aadb62f3e82) Importer(815301076,1909f56bfc062723c751e8b465ee728b)
Start importing Assets/Prefabs/Player/Bullet 1.prefab using Guid(4415af4091c8cfa428ed3aadb62f3e82) Importer(815301076,1909f56bfc062723c751e8b465ee728b) Launched and connected shader compiler UnityShaderCompiler.exe after 0.04 seconds
Launched and connected shader compiler UnityShaderCompiler.exe after 0.04 seconds
Launched and connected shader compiler UnityShaderCompiler.exe after 0.04 seconds
Launched and connected shader compiler UnityShaderCompiler.exe after 0.04 seconds
Launched and connected shader compiler UnityShaderCompiler.exe after 0.04 seconds
Launched and connected shader compiler UnityShaderCompiler.exe after 0.04 seconds
Launched and connected shader compiler UnityShaderCompiler.exe after 0.04 seconds
Launched and connected shader compiler UnityShaderCompiler.exe after 0.05 seconds
Launched and connected shader compiler UnityShaderCompiler.exe after 0.04 seconds
Launched and connected shader compiler UnityShaderCompiler.exe after 0.06 seconds
Launched and connected shader compiler UnityShaderCompiler.exe after 0.05 seconds
 -> (artifact id: '05c173adda429f385fc21d003409183a') in 1.171738 seconds 
  Import took 1.181867 seconds .

========================================================================
Received Import Request.
  Time since last request: 3.707315 seconds.
  path: Assets/Scenes/Torreta/Bullet 1.prefab
  artifactKey: Guid(4415af4091c8cfa428ed3aadb62f3e82) Importer(815301076,1909f56bfc062723c751e8b465ee728b)
Start importing Assets/Scenes/Torreta/Bullet 1.prefab using Guid(4415af4091c8cfa428ed3aadb62f3e82) Importer(815301076,1909f56bfc062723c751e8b465ee728b)  -> (artifact id: 'eaaf3f8e7bda609ec9d18a78a0f18041') in 0.023009 seconds 
  Import took 0.030563 seconds .

========================================================================
Received Import Request.
  Time since last request: 5.832555 seconds.
  path: Assets/Scenes/Torreta/BulletTurret.prefab
  artifactKey: Guid(4415af4091c8cfa428ed3aadb62f3e82) Importer(815301076,1909f56bfc062723c751e8b465ee728b)
Start importing Assets/Scenes/Torreta/BulletTurret.prefab using Guid(4415af4091c8cfa428ed3aadb62f3e82) Importer(815301076,1909f56bfc062723c751e8b465ee728b)  -> (artifact id: '2c8caa374def3982f84fed760491b6df') in 0.025715 seconds 
  Import took 0.033611 seconds .

========================================================================
Received Import Request.
  Time since last request: 9.300633 seconds.
  path: Assets/Scenes/Torreta/BulletTurret.prefab
  artifactKey: Guid(4415af4091c8cfa428ed3aadb62f3e82) Importer(815301076,1909f56bfc062723c751e8b465ee728b)
Start importing Assets/Scenes/Torreta/BulletTurret.prefab using Guid(4415af4091c8cfa428ed3aadb62f3e82) Importer(815301076,1909f56bfc062723c751e8b465ee728b)  -> (artifact id: '1d699d8ed3af1f9239f723efafbf0d5b') in 0.032892 seconds 
  Import took 0.040213 seconds .

========================================================================
Received Import Request.
  Time since last request: 4.999869 seconds.
  path: Assets/Scenes/Torreta/BulletTurret.prefab
  artifactKey: Guid(4415af4091c8cfa428ed3aadb62f3e82) Importer(815301076,1909f56bfc062723c751e8b465ee728b)
Start importing Assets/Scenes/Torreta/BulletTurret.prefab using Guid(4415af4091c8cfa428ed3aadb62f3e82) Importer(815301076,1909f56bfc062723c751e8b465ee728b)  -> (artifact id: 'eb74d3e6ef24b14c65f9760da0c674d0') in 0.036549 seconds 
  Import took 0.044169 seconds .

========================================================================
Received Import Request.
  Time since last request: 24.062491 seconds.
  path: Assets/Materials/Matirial/BulletTurret.mat
  artifactKey: Guid(3f691c168cbad2848965e2a583858a99) Importer(815301076,1909f56bfc062723c751e8b465ee728b)
Start importing Assets/Materials/Matirial/BulletTurret.mat using Guid(3f691c168cbad2848965e2a583858a99) Importer(815301076,1909f56bfc062723c751e8b465ee728b)  -> (artifact id: 'b55e29089e45eea45771caf24c14176d') in 0.042507 seconds 
  Import took 0.052143 seconds .

========================================================================
Received Import Request.
  Time since last request: 163.366218 seconds.
  path: Assets/Scenes/Torreta/Textura_Torreta
  artifactKey: Guid(d369d749d0f5f3440b60cac56a2cd6ea) Importer(815301076,1909f56bfc062723c751e8b465ee728b)
Start importing Assets/Scenes/Torreta/Textura_Torreta using Guid(d369d749d0f5f3440b60cac56a2cd6ea) Importer(815301076,1909f56bfc062723c751e8b465ee728b)  -> (artifact id: 'ea26f38afb8a81cdfe5da6b95582e96f') in 0.007699 seconds 
  Import took 0.015883 seconds .

========================================================================
Received Prepare
Registering precompiled user dll's ...
Registered in 0.003523 seconds.
Begin MonoManager ReloadAssembly
Native extension for WindowsStandalone target not found
Refreshing native plugins compatible for Editor in 1.21 ms, found 5 plugins.
Preloading 0 native plugins for Editor in 0.00 ms.
Mono: successfully reloaded assembly
- Completed reload, in  1.580 seconds
Domain Reload Profiling:
	ReloadAssembly (1580ms)
		BeginReloadAssembly (178ms)
			ExecutionOrderSort (0ms)
			DisableScriptedObjects (23ms)
			BackupInstance (0ms)
			ReleaseScriptingObjects (0ms)
			CreateAndSetChildDomain (53ms)
		EndReloadAssembly (1352ms)
			LoadAssemblies (77ms)
			RebuildTransferFunctionScriptingTraits (0ms)
			SetupTypeCache (356ms)
			ReleaseScriptCaches (2ms)
			RebuildScriptCaches (64ms)
			SetupLoadedEditorAssemblies (645ms)
				LogAssemblyErrors (0ms)
				InitializePlatformSupportModulesInManaged (3ms)
				SetLoadedEditorAssemblies (0ms)
				RefreshPlugins (1ms)
				BeforeProcessingInitializeOnLoad (65ms)
				ProcessInitializeOnLoadAttributes (568ms)
				ProcessInitializeOnLoadMethodAttributes (5ms)
				AfterProcessingInitializeOnLoad (2ms)
				EditorAssembliesLoaded (0ms)
			ExecutionOrderSort2 (0ms)
			AwakeInstancesAfterBackupRestoration (8ms)
Platform modules already initialized, skipping
Refreshing native plugins compatible for Editor in 1.78 ms, found 5 plugins.
Preloading 0 native plugins for Editor in 0.00 ms.
Unloading 4471 Unused Serialized files (Serialized files now loaded: 0)
System memory in use before: 230.1 MB.
System memory in use after: 230.4 MB.

Unloading 25 unused Assets to reduce memory usage. Loaded Objects now: 5501.
Total: 4.243800 ms (FindLiveObjects: 0.558700 ms CreateObjectMapping: 0.117600 ms MarkObjects: 3.406500 ms  DeleteObjects: 0.159400 ms)

AssetImportParameters requested are different than current active one (requested -> active):
  custom:framework-win-MediaFoundation: 216162199b28c13a410421893ffa2e32 -> 
  custom:video-decoder-ogg-theora: a1e56fd34408186e4bbccfd4996cb3dc -> 
  custom:container-muxer-webm: aa71ff27fc2769a1b78a27578f13a17b -> 
  custom:container-demuxer-webm: 4f35f7cbe854078d1ac9338744f61a02 -> 
  custom:container-demuxer-ogg: 62fdf1f143b41e24485cea50d1cbac27 -> 
  custom:video-encoder-webm-vp8: eb34c28f22e8b96e1ab97ce403110664 -> 
  custom:video-decoder-webm-vp8: 9c59270c3fd7afecdb556c50c9e8de78 -> 
  custom:audio-decoder-ogg-vorbis: bf7c407c2cedff20999df2af8eb42d56 -> 
  custom:audio-encoder-webm-vorbis: bf7c407c2cedff20999df2af8eb42d56 -> 
========================================================================
Received Import Request.
  Time since last request: 44.930414 seconds.
  path: Assets/Scenes/Torreta/BulletTurret.prefab
  artifactKey: Guid(4415af4091c8cfa428ed3aadb62f3e82) Importer(815301076,1909f56bfc062723c751e8b465ee728b)
Start importing Assets/Scenes/Torreta/BulletTurret.prefab using Guid(4415af4091c8cfa428ed3aadb62f3e82) Importer(815301076,1909f56bfc062723c751e8b465ee728b)  -> (artifact id: '3192590f7218a636ec4135f4962eb374') in 0.492607 seconds 
  Import took 0.500200 seconds .

========================================================================
Received Import Request.
  Time since last request: 9.675671 seconds.
  path: Assets/Scenes/Torreta/BulletTurret.prefab
  artifactKey: Guid(4415af4091c8cfa428ed3aadb62f3e82) Importer(815301076,1909f56bfc062723c751e8b465ee728b)
Start importing Assets/Scenes/Torreta/BulletTurret.prefab using Guid(4415af4091c8cfa428ed3aadb62f3e82) Importer(815301076,1909f56bfc062723c751e8b465ee728b)  -> (artifact id: '648baf34244281765160698a9b7e25cb') in 0.022959 seconds 
  Import took 0.030479 seconds .

========================================================================
Received Import Request.
  Time since last request: 6.264046 seconds.
  path: Assets/Scenes/Torreta/BulletTurret.prefab
  artifactKey: Guid(4415af4091c8cfa428ed3aadb62f3e82) Importer(815301076,1909f56bfc062723c751e8b465ee728b)
Start importing Assets/Scenes/Torreta/BulletTurret.prefab using Guid(4415af4091c8cfa428ed3aadb62f3e82) Importer(815301076,1909f56bfc062723c751e8b465ee728b)  -> (artifact id: '0678201bc1a7926c9178281b7e6d7964') in 0.024044 seconds 
  Import took 0.032071 seconds .

========================================================================
Received Import Request.
  Time since last request: 1.174291 seconds.
  path: Assets/Scenes/Torreta/BulletTurret.prefab
  artifactKey: Guid(4415af4091c8cfa428ed3aadb62f3e82) Importer(815301076,1909f56bfc062723c751e8b465ee728b)
Start importing Assets/Scenes/Torreta/BulletTurret.prefab using Guid(4415af4091c8cfa428ed3aadb62f3e82) Importer(815301076,1909f56bfc062723c751e8b465ee728b)  -> (artifact id: '7876f3d4a3df326124bdb0cfe403e9cd') in 0.023640 seconds 
  Import took 0.031174 seconds .

========================================================================
Received Import Request.
  Time since last request: 0.587178 seconds.
  path: Assets/Scenes/Torreta/BulletTurret.prefab
  artifactKey: Guid(4415af4091c8cfa428ed3aadb62f3e82) Importer(815301076,1909f56bfc062723c751e8b465ee728b)
Start importing Assets/Scenes/Torreta/BulletTurret.prefab using Guid(4415af4091c8cfa428ed3aadb62f3e82) Importer(815301076,1909f56bfc062723c751e8b465ee728b)  -> (artifact id: 'c2d4c09dc571226287fdaf9a57c3ff1e') in 0.021284 seconds 
  Import took 0.028909 seconds .

========================================================================
Received Import Request.
  Time since last request: 1.175392 seconds.
  path: Assets/Scenes/Torreta/BulletTurret.prefab
  artifactKey: Guid(4415af4091c8cfa428ed3aadb62f3e82) Importer(815301076,1909f56bfc062723c751e8b465ee728b)
Start importing Assets/Scenes/Torreta/BulletTurret.prefab using Guid(4415af4091c8cfa428ed3aadb62f3e82) Importer(815301076,1909f56bfc062723c751e8b465ee728b)  -> (artifact id: 'f3cad48c248c9a4e405cbd592be98ea7') in 0.022367 seconds 
  Import took 0.030090 seconds .

========================================================================
Received Import Request.
  Time since last request: 6.353407 seconds.
  path: Assets/Scenes/Torreta/BulletTurret.prefab
  artifactKey: Guid(4415af4091c8cfa428ed3aadb62f3e82) Importer(815301076,1909f56bfc062723c751e8b465ee728b)
Start importing Assets/Scenes/Torreta/BulletTurret.prefab using Guid(4415af4091c8cfa428ed3aadb62f3e82) Importer(815301076,1909f56bfc062723c751e8b465ee728b)  -> (artifact id: '80d1441c0c70eb4f43f8d67413001eec') in 0.021004 seconds 
  Import took 0.029536 seconds .

========================================================================
Received Import Request.
  Time since last request: 1.385037 seconds.
  path: Assets/Scenes/Torreta/BulletTurret.prefab
  artifactKey: Guid(4415af4091c8cfa428ed3aadb62f3e82) Importer(815301076,1909f56bfc062723c751e8b465ee728b)
Start importing Assets/Scenes/Torreta/BulletTurret.prefab using Guid(4415af4091c8cfa428ed3aadb62f3e82) Importer(815301076,1909f56bfc062723c751e8b465ee728b)  -> (artifact id: '6e19efa19ec8d57a979c3362602cccbd') in 0.020647 seconds 
  Import took 0.028294 seconds .

========================================================================
Received Import Request.
  Time since last request: 36.734556 seconds.
  path: Assets/Materials/Matirial/Bullet.mat
  artifactKey: Guid(86c5e5ecc9d53e242b1101d139e9ded6) Importer(815301076,1909f56bfc062723c751e8b465ee728b)
Start importing Assets/Materials/Matirial/Bullet.mat using Guid(86c5e5ecc9d53e242b1101d139e9ded6) Importer(815301076,1909f56bfc062723c751e8b465ee728b)  -> (artifact id: '8fd8fe9503965c35fca1c0426767d52a') in 0.032789 seconds 
  Import took 0.041172 seconds .

========================================================================
Received Import Request.
  Time since last request: 0.000176 seconds.
  path: Assets/Materials/Matirial/BulletTurret.mat
  artifactKey: Guid(3f691c168cbad2848965e2a583858a99) Importer(815301076,1909f56bfc062723c751e8b465ee728b)
Start importing Assets/Materials/Matirial/BulletTurret.mat using Guid(3f691c168cbad2848965e2a583858a99) Importer(815301076,1909f56bfc062723c751e8b465ee728b)  -> (artifact id: '8d83184f4c90a50d82db3fb58da3ecc4') in 0.022661 seconds 
  Import took 0.029787 seconds .

========================================================================
Received Import Request.
  Time since last request: 0.000233 seconds.
  path: Assets/Materials/Matirial/Bullet.mat
  artifactKey: Guid(86c5e5ecc9d53e242b1101d139e9ded6) Importer(815301076,1909f56bfc062723c751e8b465ee728b)
Start importing Assets/Materials/Matirial/Bullet.mat using Guid(86c5e5ecc9d53e242b1101d139e9ded6) Importer(815301076,1909f56bfc062723c751e8b465ee728b)  -> (artifact id: '8fd8fe9503965c35fca1c0426767d52a') in 0.019421 seconds 
  Import took 0.027011 seconds .

========================================================================
Received Import Request.
  Time since last request: 0.000233 seconds.
  path: Assets/Materials/Matirial/BulletTurret.mat
  artifactKey: Guid(3f691c168cbad2848965e2a583858a99) Importer(815301076,1909f56bfc062723c751e8b465ee728b)
Start importing Assets/Materials/Matirial/BulletTurret.mat using Guid(3f691c168cbad2848965e2a583858a99) Importer(815301076,1909f56bfc062723c751e8b465ee728b)  -> (artifact id: '8d83184f4c90a50d82db3fb58da3ecc4') in 0.022189 seconds 
  Import took 0.030202 seconds .

========================================================================
Received Prepare
Registering precompiled user dll's ...
Registered in 0.003633 seconds.
Begin MonoManager ReloadAssembly
Native extension for WindowsStandalone target not found
Refreshing native plugins compatible for Editor in 1.05 ms, found 5 plugins.
Preloading 0 native plugins for Editor in 0.00 ms.
Mono: successfully reloaded assembly
- Completed reload, in  1.561 seconds
Domain Reload Profiling:
	ReloadAssembly (1562ms)
		BeginReloadAssembly (149ms)
			ExecutionOrderSort (0ms)
			DisableScriptedObjects (26ms)
			BackupInstance (0ms)
			ReleaseScriptingObjects (0ms)
			CreateAndSetChildDomain (56ms)
		EndReloadAssembly (1357ms)
			LoadAssemblies (82ms)
			RebuildTransferFunctionScriptingTraits (0ms)
			SetupTypeCache (343ms)
			ReleaseScriptCaches (2ms)
			RebuildScriptCaches (72ms)
			SetupLoadedEditorAssemblies (646ms)
				LogAssemblyErrors (0ms)
				InitializePlatformSupportModulesInManaged (3ms)
				SetLoadedEditorAssemblies (0ms)
				RefreshPlugins (1ms)
				BeforeProcessingInitializeOnLoad (64ms)
				ProcessInitializeOnLoadAttributes (570ms)
				ProcessInitializeOnLoadMethodAttributes (5ms)
				AfterProcessingInitializeOnLoad (2ms)
				EditorAssembliesLoaded (0ms)
			ExecutionOrderSort2 (0ms)
			AwakeInstancesAfterBackupRestoration (17ms)
Platform modules already initialized, skipping
Refreshing native plugins compatible for Editor in 1.14 ms, found 5 plugins.
Preloading 0 native plugins for Editor in 0.00 ms.
Unloading 4459 Unused Serialized files (Serialized files now loaded: 0)
System memory in use before: 229.9 MB.
System memory in use after: 230.2 MB.

Unloading 25 unused Assets to reduce memory usage. Loaded Objects now: 5605.
Total: 4.820000 ms (FindLiveObjects: 0.563600 ms CreateObjectMapping: 0.125400 ms MarkObjects: 3.942200 ms  DeleteObjects: 0.187400 ms)

AssetImportParameters requested are different than current active one (requested -> active):
  custom:framework-win-MediaFoundation: 216162199b28c13a410421893ffa2e32 -> 
  custom:video-decoder-ogg-theora: a1e56fd34408186e4bbccfd4996cb3dc -> 
  custom:container-muxer-webm: aa71ff27fc2769a1b78a27578f13a17b -> 
  custom:container-demuxer-webm: 4f35f7cbe854078d1ac9338744f61a02 -> 
  custom:container-demuxer-ogg: 62fdf1f143b41e24485cea50d1cbac27 -> 
  custom:video-encoder-webm-vp8: eb34c28f22e8b96e1ab97ce403110664 -> 
  custom:video-decoder-webm-vp8: 9c59270c3fd7afecdb556c50c9e8de78 -> 
  custom:audio-decoder-ogg-vorbis: bf7c407c2cedff20999df2af8eb42d56 -> 
  custom:audio-encoder-webm-vorbis: bf7c407c2cedff20999df2af8eb42d56 -> 
========================================================================
Received Prepare
Registering precompiled user dll's ...
Registered in 0.003488 seconds.
Begin MonoManager ReloadAssembly
Native extension for WindowsStandalone target not found
Refreshing native plugins compatible for Editor in 1.18 ms, found 5 plugins.
Preloading 0 native plugins for Editor in 0.00 ms.
Mono: successfully reloaded assembly
- Completed reload, in  1.457 seconds
Domain Reload Profiling:
	ReloadAssembly (1458ms)
		BeginReloadAssembly (117ms)
			ExecutionOrderSort (0ms)
			DisableScriptedObjects (4ms)
			BackupInstance (0ms)
			ReleaseScriptingObjects (0ms)
			CreateAndSetChildDomain (42ms)
		EndReloadAssembly (1290ms)
			LoadAssemblies (77ms)
			RebuildTransferFunctionScriptingTraits (0ms)
			SetupTypeCache (311ms)
			ReleaseScriptCaches (2ms)
			RebuildScriptCaches (64ms)
			SetupLoadedEditorAssemblies (635ms)
				LogAssemblyErrors (0ms)
				InitializePlatformSupportModulesInManaged (3ms)
				SetLoadedEditorAssemblies (0ms)
				RefreshPlugins (1ms)
				BeforeProcessingInitializeOnLoad (66ms)
				ProcessInitializeOnLoadAttributes (556ms)
				ProcessInitializeOnLoadMethodAttributes (6ms)
				AfterProcessingInitializeOnLoad (2ms)
				EditorAssembliesLoaded (0ms)
			ExecutionOrderSort2 (0ms)
			AwakeInstancesAfterBackupRestoration (17ms)
Platform modules already initialized, skipping
Refreshing native plugins compatible for Editor in 1.55 ms, found 5 plugins.
Preloading 0 native plugins for Editor in 0.00 ms.
Unloading 4459 Unused Serialized files (Serialized files now loaded: 0)
System memory in use before: 229.9 MB.
System memory in use after: 230.2 MB.

Unloading 25 unused Assets to reduce memory usage. Loaded Objects now: 5608.
Total: 4.147100 ms (FindLiveObjects: 0.497000 ms CreateObjectMapping: 0.127200 ms MarkObjects: 3.300600 ms  DeleteObjects: 0.220900 ms)

AssetImportParameters requested are different than current active one (requested -> active):
  custom:framework-win-MediaFoundation: 216162199b28c13a410421893ffa2e32 -> 
  custom:video-decoder-ogg-theora: a1e56fd34408186e4bbccfd4996cb3dc -> 
  custom:container-muxer-webm: aa71ff27fc2769a1b78a27578f13a17b -> 
  custom:container-demuxer-webm: 4f35f7cbe854078d1ac9338744f61a02 -> 
  custom:container-demuxer-ogg: 62fdf1f143b41e24485cea50d1cbac27 -> 
  custom:video-encoder-webm-vp8: eb34c28f22e8b96e1ab97ce403110664 -> 
  custom:video-decoder-webm-vp8: 9c59270c3fd7afecdb556c50c9e8de78 -> 
  custom:audio-decoder-ogg-vorbis: bf7c407c2cedff20999df2af8eb42d56 -> 
  custom:audio-encoder-webm-vorbis: bf7c407c2cedff20999df2af8eb42d56 -> 
